#
# There is insufficient memory for the Java Runtime Environment to continue.
# Native memory allocation (malloc) failed to allocate 1048576 bytes for AllocateHeap
# Possible reasons:
#   The system is out of physical RAM or swap space
#   The process is running with CompressedOops enabled, and the Java Heap may be blocking the growth of the native heap
# Possible solutions:
#   Reduce memory load on the system
#   Increase physical memory or swap space
#   Check if swap backing store is full
#   Decrease Java heap size (-Xmx/-Xms)
#   Decrease number of Java threads
#   Decrease Java thread stack sizes (-Xss)
#   Set larger code cache with -XX:ReservedCodeCacheSize=
#   JVM is running with Unscaled Compressed Oops mode in which the Java heap is
#     placed in the first 4GB address space. The Java Heap base address is the
#     maximum limit for the native heap growth. Please use -XX:HeapBaseMinAddress
#     to set the Java Heap base and to place the Java Heap above 4GB virtual address.
# This output file may be truncated or incomplete.
#
#  Out of Memory Error (./src/hotspot/share/memory/allocation.cpp:46), pid=704, tid=9768
#
# JRE version: OpenJDK Runtime Environment (11.0.13) (build 11.0.13+0-b1751.21-8125866)
# Java VM: OpenJDK 64-Bit Server VM (11.0.13+0-b1751.21-8125866, mixed mode, tiered, compressed oops, g1 gc, windows-amd64)
# No core dump will be written. Minidumps are not enabled by default on client versions of Windows
#

---------------  S U M M A R Y ------------

Command Line: --add-opens=java.base/java.util=ALL-UNNAMED --add-opens=java.base/java.lang=ALL-UNNAMED --add-opens=java.base/java.lang.invoke=ALL-UNNAMED --add-opens=java.base/java.util=ALL-UNNAMED --add-opens=java.prefs/java.util.prefs=ALL-UNNAMED --add-opens=java.prefs/java.util.prefs=ALL-UNNAMED --add-opens=java.base/java.nio.charset=ALL-UNNAMED --add-opens=java.base/java.net=ALL-UNNAMED --add-opens=java.base/java.util.concurrent.atomic=ALL-UNNAMED -Xmx2048m -Dfile.encoding=UTF-8 -Duser.country=BR -Duser.language=pt -Duser.variant org.gradle.launcher.daemon.bootstrap.GradleDaemon 7.4

Host: Intel(R) Pentium(R) CPU G4500 @ 3.50GHz, 2 cores, 9G,  Windows 11 , 64 bit Build 22000 (10.0.22000.1880)
Time: Thu May 11 11:02:50 2023 Hora oficial do Brasil elapsed time: 31.083213 seconds (0d 0h 0m 31s)

---------------  T H R E A D  ---------------

Current thread (0x000001c62586b000):  VMThread "VM Thread" [stack: 0x00000035ad900000,0x00000035ada00000] [id=9768]

Stack: [0x00000035ad900000,0x00000035ada00000]
[error occurred during error reporting (printing stack bounds), id 0xc0000005, EXCEPTION_ACCESS_VIOLATION (0xc0000005) at pc=0x000001c60fc3113d]

Native frames: (J=compiled Java code, j=interpreted, Vv=VM code, C=native code)
V  [jvm.dll+0x6100fa]
V  [jvm.dll+0x747090]
V  [jvm.dll+0x7486ad]
V  [jvm.dll+0x748ce5]
V  [jvm.dll+0x748c9b]
V  [jvm.dll+0x60f224]
V  [jvm.dll+0x60f9b8]
C  [ntdll.dll+0xa8b6f]
C  [ntdll.dll+0x35b9a]
C  [ntdll.dll+0xa7b7e]
C  0x000001c60fc3113d

VM_Operation (0x00000035aebfa9a0): CollectForMetadataAllocation, mode: safepoint, requested by thread 0x000001c6273cd800


---------------  P R O C E S S  ---------------

Threads class SMR info:
_java_thread_list=0x000001c62901a360, length=30, elements={
0x000001c60c119800, 0x000001c62586f800, 0x000001c625873000, 0x000001c626212800,
0x000001c62588b800, 0x000001c62588c800, 0x000001c62588d800, 0x000001c62588e000,
0x000001c626260800, 0x000001c626353800, 0x000001c62742e800, 0x000001c627455000,
0x000001c62729a800, 0x000001c627a81800, 0x000001c626ea0800, 0x000001c6275ea800,
0x000001c6273cd800, 0x000001c6273ce000, 0x000001c626747800, 0x000001c626748800,
0x000001c62631d000, 0x000001c62631c000, 0x000001c62631a800, 0x000001c62631e000,
0x000001c62631e800, 0x000001c62631f800, 0x000001c626320000, 0x000001c626321000,
0x000001c62631b800, 0x000001c628c46000
}

Java Threads: ( => current thread )
  0x000001c60c119800 JavaThread "main" [_thread_blocked, id=460, stack(0x00000035ad300000,0x00000035ad400000)]
  0x000001c62586f800 JavaThread "Reference Handler" daemon [_thread_blocked, id=1880, stack(0x00000035ada00000,0x00000035adb00000)]
  0x000001c625873000 JavaThread "Finalizer" daemon [_thread_blocked, id=7872, stack(0x00000035adb00000,0x00000035adc00000)]
  0x000001c626212800 JavaThread "Signal Dispatcher" daemon [_thread_blocked, id=6876, stack(0x00000035adc00000,0x00000035add00000)]
  0x000001c62588b800 JavaThread "Attach Listener" daemon [_thread_blocked, id=3296, stack(0x00000035add00000,0x00000035ade00000)]
  0x000001c62588c800 JavaThread "Service Thread" daemon [_thread_blocked, id=3508, stack(0x00000035ade00000,0x00000035adf00000)]
  0x000001c62588d800 JavaThread "C2 CompilerThread0" daemon [_thread_blocked, id=3492, stack(0x00000035adf00000,0x00000035ae000000)]
  0x000001c62588e000 JavaThread "C1 CompilerThread0" daemon [_thread_blocked, id=10556, stack(0x00000035ae000000,0x00000035ae100000)]
  0x000001c626260800 JavaThread "Sweeper thread" daemon [_thread_blocked, id=9888, stack(0x00000035ae100000,0x00000035ae200000)]
  0x000001c626353800 JavaThread "Common-Cleaner" daemon [_thread_blocked, id=6780, stack(0x00000035ae200000,0x00000035ae300000)]
  0x000001c62742e800 JavaThread "Daemon health stats" [_thread_blocked, id=7536, stack(0x00000035ae500000,0x00000035ae600000)]
  0x000001c627455000 JavaThread "Incoming local TCP Connector on port 55151" [_thread_in_native, id=4428, stack(0x00000035ae600000,0x00000035ae700000)]
  0x000001c62729a800 JavaThread "Daemon periodic checks" [_thread_blocked, id=9112, stack(0x00000035ae700000,0x00000035ae800000)]
  0x000001c627a81800 JavaThread "Daemon" [_thread_blocked, id=11120, stack(0x00000035ae800000,0x00000035ae900000)]
  0x000001c626ea0800 JavaThread "Handler for socket connection from /127.0.0.1:55151 to /127.0.0.1:55152" [_thread_in_native, id=5516, stack(0x00000035ae900000,0x00000035aea00000)]
  0x000001c6275ea800 JavaThread "Cancel handler" [_thread_blocked, id=2696, stack(0x00000035aea00000,0x00000035aeb00000)]
  0x000001c6273cd800 JavaThread "Daemon worker" [_thread_blocked, id=13072, stack(0x00000035aeb00000,0x00000035aec00000)]
  0x000001c6273ce000 JavaThread "Asynchronous log dispatcher for DefaultDaemonConnection: socket connection from /127.0.0.1:55151 to /127.0.0.1:55152" [_thread_blocked, id=9476, stack(0x00000035aec00000,0x00000035aed00000)]
  0x000001c626747800 JavaThread "Stdin handler" [_thread_blocked, id=1784, stack(0x00000035aed00000,0x00000035aee00000)]
  0x000001c626748800 JavaThread "Daemon client event forwarder" [_thread_blocked, id=7660, stack(0x00000035aee00000,0x00000035aef00000)]
  0x000001c62631d000 JavaThread "Cache worker for journal cache (C:\Users\Adm\.gradle\caches\journal-1)" [_thread_blocked, id=8760, stack(0x00000035aef00000,0x00000035af000000)]
  0x000001c62631c000 JavaThread "File lock request listener" [_thread_in_native, id=9272, stack(0x00000035af000000,0x00000035af100000)]
  0x000001c62631a800 JavaThread "Cache worker for file hash cache (C:\Users\Adm\.gradle\caches\7.4\fileHashes)" [_thread_blocked, id=1540, stack(0x00000035af100000,0x00000035af200000)]
  0x000001c62631e000 JavaThread "File watcher server" daemon [_thread_in_native, id=6028, stack(0x00000035af200000,0x00000035af300000)]
  0x000001c62631e800 JavaThread "File watcher consumer" daemon [_thread_blocked, id=12488, stack(0x00000035af300000,0x00000035af400000)]
  0x000001c62631f800 JavaThread "Cache worker for checksums cache (C:\Users\Adm\AndroidStudioProjects\ControleDePonto\.gradle\7.4\checksums)" [_thread_blocked, id=5156, stack(0x00000035af400000,0x00000035af500000)]
  0x000001c626320000 JavaThread "Cache worker for cache directory md-rule (C:\Users\Adm\.gradle\caches\7.4\md-rule)" [_thread_blocked, id=5228, stack(0x00000035af500000,0x00000035af600000)]
  0x000001c626321000 JavaThread "Cache worker for file hash cache (C:\Users\Adm\AndroidStudioProjects\ControleDePonto\.gradle\7.4\fileHashes)" [_thread_blocked, id=8276, stack(0x00000035af600000,0x00000035af700000)]
  0x000001c62631b800 JavaThread "Cache worker for cache directory md-supplier (C:\Users\Adm\.gradle\caches\7.4\md-supplier)" [_thread_blocked, id=7288, stack(0x00000035af700000,0x00000035af800000)]
  0x000001c628c46000 JavaThread "Cache worker for execution history cache (C:\Users\Adm\.gradle\caches\7.4\executionHistory)" [_thread_blocked, id=9072, stack(0x00000035af800000,0x00000035af900000)]

Other Threads:
=>0x000001c62586b000 VMThread "VM Thread" [stack: 0x00000035ad900000,0x00000035ada00000] [id=9768]
  0x000001c62636d800 WatcherThread [stack: 0x00000035ae300000,0x00000035ae400000] [id=13052]
  0x000001c60c132000 GCTaskThread "GC Thread#0" [stack: 0x00000035ad400000,0x00000035ad500000] [id=12132]
  0x000001c6265c7800 GCTaskThread "GC Thread#1" [stack: 0x00000035ae400000,0x00000035ae500000] [id=10208]
  0x000001c60c162000 ConcurrentGCThread "G1 Main Marker" [stack: 0x00000035ad500000,0x00000035ad600000] [id=11808]
  0x000001c60c164000 ConcurrentGCThread "G1 Conc#0" [stack: 0x00000035ad600000,0x00000035ad700000] [id=1116]
  0x000001c60c1ee800 ConcurrentGCThread "G1 Refine#0" [stack: 0x00000035ad700000,0x00000035ad800000] [id=8912]
  0x000001c6256b6800 ConcurrentGCThread "G1 Young RemSet Sampling" [stack: 0x00000035ad800000,0x00000035ad900000] [id=3832]

Threads with active compile tasks:

VM state:at safepoint (normal execution)

VM Mutex/Monitor currently owned by a thread:  ([mutex/lock_event])
[0x000001c609f9b120] Threads_lock - owner thread: 0x000001c62586b000
[0x000001c609f9ba20] Heap_lock - owner thread: 0x000001c6273cd800

OutOfMemory and StackOverflow Exception counts:
OutOfMemoryError java_heap_errors=4
LinkageErrors=47

Heap address: 0x0000000080000000, size: 2048 MB, Compressed Oops mode: 32-bit
Narrow klass base: 0x0000000000000000, Narrow klass shift: 3
Compressed class space size: 1073741824 Address: 0x0000000100000000

Heap:
 garbage-first heap   total 155648K, used 21208K [0x0000000080000000, 0x0000000100000000)
  region size 1024K, 5 young (5120K), 5 survivors (5120K)
 Metaspace       used 32369K, capacity 33102K, committed 33200K, reserved 1085440K
  class space    used 4260K, capacity 4520K, committed 4608K, reserved 1048576K
Heap Regions: E=young(eden), S=young(survivor), O=old, HS=humongous(starts), HC=humongous(continues), CS=collection set, F=free, A=archive, TAMS=top-at-mark-start (previous, next)
|   0|0x0000000080000000, 0x0000000080100000, 0x0000000080100000|100%| O|  |TAMS 0x0000000080100000, 0x0000000080100000| Untracked 
|   1|0x0000000080100000, 0x0000000080200000, 0x0000000080200000|100%| O|  |TAMS 0x0000000080200000, 0x0000000080200000| Untracked 
|   2|0x0000000080200000, 0x0000000080300000, 0x0000000080300000|100%| O|  |TAMS 0x0000000080300000, 0x0000000080300000| Untracked 
|   3|0x0000000080300000, 0x0000000080400000, 0x0000000080400000|100%| O|  |TAMS 0x0000000080400000, 0x0000000080400000| Untracked 
|   4|0x0000000080400000, 0x0000000080500000, 0x0000000080500000|100%|HS|  |TAMS 0x0000000080500000, 0x0000000080500000| Complete 
|   5|0x0000000080500000, 0x0000000080600000, 0x0000000080600000|100%|HC|  |TAMS 0x0000000080600000, 0x0000000080600000| Complete 
|   6|0x0000000080600000, 0x0000000080700000, 0x0000000080700000|100%|HC|  |TAMS 0x0000000080700000, 0x0000000080700000| Complete 
|   7|0x0000000080700000, 0x0000000080800000, 0x0000000080800000|100%| O|  |TAMS 0x0000000080800000, 0x0000000080800000| Untracked 
|   8|0x0000000080800000, 0x0000000080900000, 0x0000000080900000|100%| O|  |TAMS 0x0000000080900000, 0x0000000080900000| Untracked 
|   9|0x0000000080900000, 0x0000000080a00000, 0x0000000080a00000|100%| O|  |TAMS 0x0000000080a00000, 0x0000000080a00000| Untracked 
|  10|0x0000000080a00000, 0x0000000080b00000, 0x0000000080b00000|100%| O|  |TAMS 0x0000000080b00000, 0x0000000080b00000| Untracked 
|  11|0x0000000080b00000, 0x0000000080c00000, 0x0000000080c00000|100%| O|  |TAMS 0x0000000080c00000, 0x0000000080c00000| Untracked 
|  12|0x0000000080c00000, 0x0000000080d00000, 0x0000000080d00000|100%| O|  |TAMS 0x0000000080d00000, 0x0000000080d00000| Untracked 
|  13|0x0000000080d00000, 0x0000000080e00000, 0x0000000080e00000|100%| O|  |TAMS 0x0000000080e00000, 0x0000000080e00000| Untracked 
|  14|0x0000000080e00000, 0x0000000080f00000, 0x0000000080f00000|100%| O|  |TAMS 0x0000000080f00000, 0x0000000080f00000| Untracked 
|  15|0x0000000080f00000, 0x0000000080fb6000, 0x0000000081000000| 71%| O|  |TAMS 0x0000000080fb6000, 0x0000000080fb6000| Untracked 
|  16|0x0000000081000000, 0x0000000081000000, 0x0000000081100000|  0%| F|  |TAMS 0x0000000081000000, 0x0000000081000000| Untracked 
|  17|0x0000000081100000, 0x0000000081100000, 0x0000000081200000|  0%| F|  |TAMS 0x0000000081100000, 0x0000000081100000| Untracked 
|  18|0x0000000081200000, 0x0000000081200000, 0x0000000081300000|  0%| F|  |TAMS 0x0000000081200000, 0x0000000081200000| Untracked 
|  19|0x0000000081300000, 0x0000000081300000, 0x0000000081400000|  0%| F|  |TAMS 0x0000000081300000, 0x0000000081300000| Untracked 
|  20|0x0000000081400000, 0x0000000081400000, 0x0000000081500000|  0%| F|  |TAMS 0x0000000081400000, 0x0000000081400000| Untracked 
|  21|0x0000000081500000, 0x0000000081500000, 0x0000000081600000|  0%| F|  |TAMS 0x0000000081500000, 0x0000000081500000| Untracked 
|  22|0x0000000081600000, 0x0000000081600000, 0x0000000081700000|  0%| F|  |TAMS 0x0000000081600000, 0x0000000081600000| Untracked 
|  23|0x0000000081700000, 0x0000000081700000, 0x0000000081800000|  0%| F|  |TAMS 0x0000000081700000, 0x0000000081700000| Untracked 
|  24|0x0000000081800000, 0x0000000081800000, 0x0000000081900000|  0%| F|  |TAMS 0x0000000081800000, 0x0000000081800000| Untracked 
|  25|0x0000000081900000, 0x0000000081900000, 0x0000000081a00000|  0%| F|  |TAMS 0x0000000081900000, 0x0000000081900000| Untracked 
|  26|0x0000000081a00000, 0x0000000081a00000, 0x0000000081b00000|  0%| F|  |TAMS 0x0000000081a00000, 0x0000000081a00000| Untracked 
|  27|0x0000000081b00000, 0x0000000081b00000, 0x0000000081c00000|  0%| F|  |TAMS 0x0000000081b00000, 0x0000000081b00000| Untracked 
|  28|0x0000000081c00000, 0x0000000081c00000, 0x0000000081d00000|  0%| F|  |TAMS 0x0000000081c00000, 0x0000000081c00000| Untracked 
|  29|0x0000000081d00000, 0x0000000081d00000, 0x0000000081e00000|  0%| F|  |TAMS 0x0000000081d00000, 0x0000000081d00000| Untracked 
|  30|0x0000000081e00000, 0x0000000081e00000, 0x0000000081f00000|  0%| F|  |TAMS 0x0000000081e00000, 0x0000000081e00000| Untracked 
|  31|0x0000000081f00000, 0x0000000081f00000, 0x0000000082000000|  0%| F|  |TAMS 0x0000000081f00000, 0x0000000081f00000| Untracked 
|  32|0x0000000082000000, 0x0000000082000000, 0x0000000082100000|  0%| F|  |TAMS 0x0000000082000000, 0x0000000082000000| Untracked 
|  33|0x0000000082100000, 0x0000000082100000, 0x0000000082200000|  0%| F|  |TAMS 0x0000000082100000, 0x0000000082100000| Untracked 
|  34|0x0000000082200000, 0x0000000082200000, 0x0000000082300000|  0%| F|  |TAMS 0x0000000082200000, 0x0000000082200000| Untracked 
|  35|0x0000000082300000, 0x0000000082300000, 0x0000000082400000|  0%| F|  |TAMS 0x0000000082300000, 0x0000000082300000| Untracked 
|  36|0x0000000082400000, 0x0000000082400000, 0x0000000082500000|  0%| F|  |TAMS 0x0000000082400000, 0x0000000082400000| Untracked 
|  37|0x0000000082500000, 0x0000000082500000, 0x0000000082600000|  0%| F|  |TAMS 0x0000000082500000, 0x0000000082500000| Untracked 
|  38|0x0000000082600000, 0x0000000082600000, 0x0000000082700000|  0%| F|  |TAMS 0x0000000082600000, 0x0000000082600000| Untracked 
|  39|0x0000000082700000, 0x0000000082700000, 0x0000000082800000|  0%| F|  |TAMS 0x0000000082700000, 0x0000000082700000| Untracked 
|  40|0x0000000082800000, 0x0000000082800000, 0x0000000082900000|  0%| F|  |TAMS 0x0000000082800000, 0x0000000082800000| Untracked 
|  41|0x0000000082900000, 0x0000000082900000, 0x0000000082a00000|  0%| F|  |TAMS 0x0000000082900000, 0x0000000082900000| Untracked 
|  42|0x0000000082a00000, 0x0000000082a00000, 0x0000000082b00000|  0%| F|  |TAMS 0x0000000082a00000, 0x0000000082a00000| Untracked 
|  43|0x0000000082b00000, 0x0000000082b00000, 0x0000000082c00000|  0%| F|  |TAMS 0x0000000082b00000, 0x0000000082b00000| Untracked 
|  44|0x0000000082c00000, 0x0000000082c00000, 0x0000000082d00000|  0%| F|  |TAMS 0x0000000082c00000, 0x0000000082c00000| Untracked 
|  45|0x0000000082d00000, 0x0000000082d00000, 0x0000000082e00000|  0%| F|  |TAMS 0x0000000082d00000, 0x0000000082d00000| Untracked 
|  46|0x0000000082e00000, 0x0000000082e00000, 0x0000000082f00000|  0%| F|  |TAMS 0x0000000082e00000, 0x0000000082e00000| Untracked 
|  47|0x0000000082f00000, 0x0000000082f00000, 0x0000000083000000|  0%| F|  |TAMS 0x0000000082f00000, 0x0000000082f00000| Untracked 
|  48|0x0000000083000000, 0x0000000083000000, 0x0000000083100000|  0%| F|  |TAMS 0x0000000083000000, 0x0000000083000000| Untracked 
|  49|0x0000000083100000, 0x0000000083100000, 0x0000000083200000|  0%| F|  |TAMS 0x0000000083100000, 0x0000000083100000| Untracked 
|  50|0x0000000083200000, 0x0000000083200000, 0x0000000083300000|  0%| F|  |TAMS 0x0000000083200000, 0x0000000083200000| Untracked 
|  51|0x0000000083300000, 0x0000000083300000, 0x0000000083400000|  0%| F|  |TAMS 0x0000000083300000, 0x0000000083300000| Untracked 
|  52|0x0000000083400000, 0x0000000083400000, 0x0000000083500000|  0%| F|  |TAMS 0x0000000083400000, 0x0000000083400000| Untracked 
|  53|0x0000000083500000, 0x0000000083500000, 0x0000000083600000|  0%| F|  |TAMS 0x0000000083500000, 0x0000000083500000| Untracked 
|  54|0x0000000083600000, 0x0000000083600000, 0x0000000083700000|  0%| F|  |TAMS 0x0000000083600000, 0x0000000083600000| Untracked 
|  55|0x0000000083700000, 0x0000000083700000, 0x0000000083800000|  0%| F|  |TAMS 0x0000000083700000, 0x0000000083700000| Untracked 
|  56|0x0000000083800000, 0x0000000083800000, 0x0000000083900000|  0%| F|  |TAMS 0x0000000083800000, 0x0000000083800000| Untracked 
|  57|0x0000000083900000, 0x0000000083900000, 0x0000000083a00000|  0%| F|  |TAMS 0x0000000083900000, 0x0000000083900000| Untracked 
|  58|0x0000000083a00000, 0x0000000083a00000, 0x0000000083b00000|  0%| F|  |TAMS 0x0000000083a00000, 0x0000000083a00000| Untracked 
|  59|0x0000000083b00000, 0x0000000083b00000, 0x0000000083c00000|  0%| F|  |TAMS 0x0000000083b00000, 0x0000000083b00000| Untracked 
|  60|0x0000000083c00000, 0x0000000083c00000, 0x0000000083d00000|  0%| F|  |TAMS 0x0000000083c00000, 0x0000000083c00000| Untracked 
|  61|0x0000000083d00000, 0x0000000083d00000, 0x0000000083e00000|  0%| F|  |TAMS 0x0000000083d00000, 0x0000000083d00000| Untracked 
|  62|0x0000000083e00000, 0x0000000083e00000, 0x0000000083f00000|  0%| F|  |TAMS 0x0000000083e00000, 0x0000000083e00000| Untracked 
|  63|0x0000000083f00000, 0x0000000083f00000, 0x0000000084000000|  0%| F|  |TAMS 0x0000000083f00000, 0x0000000083f00000| Untracked 
|  64|0x0000000084000000, 0x0000000084000000, 0x0000000084100000|  0%| F|  |TAMS 0x0000000084000000, 0x0000000084000000| Untracked 
|  65|0x0000000084100000, 0x0000000084100000, 0x0000000084200000|  0%| F|  |TAMS 0x0000000084100000, 0x0000000084100000| Untracked 
|  66|0x0000000084200000, 0x0000000084200000, 0x0000000084300000|  0%| F|  |TAMS 0x0000000084200000, 0x0000000084200000| Untracked 
|  67|0x0000000084300000, 0x0000000084300000, 0x0000000084400000|  0%| F|  |TAMS 0x0000000084300000, 0x0000000084300000| Untracked 
|  68|0x0000000084400000, 0x0000000084400000, 0x0000000084500000|  0%| F|  |TAMS 0x0000000084400000, 0x0000000084400000| Untracked 
|  69|0x0000000084500000, 0x0000000084500000, 0x0000000084600000|  0%| F|  |TAMS 0x0000000084500000, 0x0000000084500000| Untracked 
|  70|0x0000000084600000, 0x0000000084600000, 0x0000000084700000|  0%| F|  |TAMS 0x0000000084600000, 0x0000000084600000| Untracked 
|  71|0x0000000084700000, 0x0000000084700000, 0x0000000084800000|  0%| F|  |TAMS 0x0000000084700000, 0x0000000084700000| Untracked 
|  72|0x0000000084800000, 0x0000000084800000, 0x0000000084900000|  0%| F|  |TAMS 0x0000000084800000, 0x0000000084800000| Untracked 
|  73|0x0000000084900000, 0x0000000084900000, 0x0000000084a00000|  0%| F|  |TAMS 0x0000000084900000, 0x0000000084900000| Untracked 
|  74|0x0000000084a00000, 0x0000000084a00000, 0x0000000084b00000|  0%| F|  |TAMS 0x0000000084a00000, 0x0000000084a00000| Untracked 
|  75|0x0000000084b00000, 0x0000000084b00000, 0x0000000084c00000|  0%| F|  |TAMS 0x0000000084b00000, 0x0000000084b00000| Untracked 
|  76|0x0000000084c00000, 0x0000000084c00000, 0x0000000084d00000|  0%| F|  |TAMS 0x0000000084c00000, 0x0000000084c00000| Untracked 
|  77|0x0000000084d00000, 0x0000000084d00000, 0x0000000084e00000|  0%| F|  |TAMS 0x0000000084d00000, 0x0000000084d00000| Untracked 
|  78|0x0000000084e00000, 0x0000000084e00000, 0x0000000084f00000|  0%| F|  |TAMS 0x0000000084e00000, 0x0000000084e00000| Untracked 
|  79|0x0000000084f00000, 0x0000000084f00000, 0x0000000085000000|  0%| F|  |TAMS 0x0000000084f00000, 0x0000000084f00000| Untracked 
|  80|0x0000000085000000, 0x0000000085000000, 0x0000000085100000|  0%| F|  |TAMS 0x0000000085000000, 0x0000000085000000| Untracked 
|  81|0x0000000085100000, 0x0000000085100000, 0x0000000085200000|  0%| F|  |TAMS 0x0000000085100000, 0x0000000085100000| Untracked 
|  82|0x0000000085200000, 0x0000000085200000, 0x0000000085300000|  0%| F|  |TAMS 0x0000000085200000, 0x0000000085200000| Untracked 
|  83|0x0000000085300000, 0x0000000085300000, 0x0000000085400000|  0%| F|  |TAMS 0x0000000085300000, 0x0000000085300000| Untracked 
|  84|0x0000000085400000, 0x0000000085400000, 0x0000000085500000|  0%| F|  |TAMS 0x0000000085400000, 0x0000000085400000| Untracked 
|  85|0x0000000085500000, 0x0000000085500000, 0x0000000085600000|  0%| F|  |TAMS 0x0000000085500000, 0x0000000085500000| Untracked 
|  86|0x0000000085600000, 0x0000000085600000, 0x0000000085700000|  0%| F|  |TAMS 0x0000000085600000, 0x0000000085600000| Untracked 
|  87|0x0000000085700000, 0x0000000085700000, 0x0000000085800000|  0%| F|  |TAMS 0x0000000085700000, 0x0000000085700000| Untracked 
|  88|0x0000000085800000, 0x0000000085800000, 0x0000000085900000|  0%| F|  |TAMS 0x0000000085800000, 0x0000000085800000| Untracked 
|  89|0x0000000085900000, 0x0000000085900000, 0x0000000085a00000|  0%| F|  |TAMS 0x0000000085900000, 0x0000000085900000| Untracked 
|  90|0x0000000085a00000, 0x0000000085a00000, 0x0000000085b00000|  0%| F|  |TAMS 0x0000000085a00000, 0x0000000085a00000| Untracked 
|  91|0x0000000085b00000, 0x0000000085b00000, 0x0000000085c00000|  0%| F|  |TAMS 0x0000000085b00000, 0x0000000085b00000| Untracked 
|  92|0x0000000085c00000, 0x0000000085c00000, 0x0000000085d00000|  0%| F|  |TAMS 0x0000000085c00000, 0x0000000085c00000| Untracked 
|  93|0x0000000085d00000, 0x0000000085d00000, 0x0000000085e00000|  0%| F|  |TAMS 0x0000000085d00000, 0x0000000085d00000| Untracked 
|  94|0x0000000085e00000, 0x0000000085e00000, 0x0000000085f00000|  0%| F|  |TAMS 0x0000000085e00000, 0x0000000085e00000| Untracked 
|  95|0x0000000085f00000, 0x0000000085f00000, 0x0000000086000000|  0%| F|  |TAMS 0x0000000085f00000, 0x0000000085f00000| Untracked 
|  96|0x0000000086000000, 0x0000000086000000, 0x0000000086100000|  0%| F|  |TAMS 0x0000000086000000, 0x0000000086000000| Untracked 
|  97|0x0000000086100000, 0x0000000086100000, 0x0000000086200000|  0%| F|  |TAMS 0x0000000086100000, 0x0000000086100000| Untracked 
|  98|0x0000000086200000, 0x0000000086200000, 0x0000000086300000|  0%| F|  |TAMS 0x0000000086200000, 0x0000000086200000| Untracked 
|  99|0x0000000086300000, 0x0000000086300000, 0x0000000086400000|  0%| F|  |TAMS 0x0000000086300000, 0x0000000086300000| Untracked 
| 100|0x0000000086400000, 0x0000000086400000, 0x0000000086500000|  0%| F|  |TAMS 0x0000000086400000, 0x0000000086400000| Untracked 
| 101|0x0000000086500000, 0x0000000086500000, 0x0000000086600000|  0%| F|  |TAMS 0x0000000086500000, 0x0000000086500000| Untracked 
| 102|0x0000000086600000, 0x0000000086600000, 0x0000000086700000|  0%| F|  |TAMS 0x0000000086600000, 0x0000000086600000| Untracked 
| 103|0x0000000086700000, 0x0000000086700000, 0x0000000086800000|  0%| F|  |TAMS 0x0000000086700000, 0x0000000086700000| Untracked 
| 104|0x0000000086800000, 0x0000000086800000, 0x0000000086900000|  0%| F|  |TAMS 0x0000000086800000, 0x0000000086800000| Untracked 
| 105|0x0000000086900000, 0x0000000086900000, 0x0000000086a00000|  0%| F|  |TAMS 0x0000000086900000, 0x0000000086900000| Untracked 
| 106|0x0000000086a00000, 0x0000000086a00000, 0x0000000086b00000|  0%| F|  |TAMS 0x0000000086a00000, 0x0000000086a00000| Untracked 
| 107|0x0000000086b00000, 0x0000000086b00000, 0x0000000086c00000|  0%| F|  |TAMS 0x0000000086b00000, 0x0000000086b00000| Untracked 
| 108|0x0000000086c00000, 0x0000000086c00000, 0x0000000086d00000|  0%| F|  |TAMS 0x0000000086c00000, 0x0000000086c00000| Untracked 
| 109|0x0000000086d00000, 0x0000000086d00000, 0x0000000086e00000|  0%| F|  |TAMS 0x0000000086d00000, 0x0000000086d00000| Untracked 
| 110|0x0000000086e00000, 0x0000000086e00000, 0x0000000086f00000|  0%| F|  |TAMS 0x0000000086e00000, 0x0000000086e00000| Untracked 
| 111|0x0000000086f00000, 0x0000000086f00000, 0x0000000087000000|  0%| F|  |TAMS 0x0000000086f00000, 0x0000000086f00000| Untracked 
| 112|0x0000000087000000, 0x0000000087000000, 0x0000000087100000|  0%| F|  |TAMS 0x0000000087000000, 0x0000000087000000| Untracked 
| 113|0x0000000087100000, 0x0000000087100000, 0x0000000087200000|  0%| F|  |TAMS 0x0000000087100000, 0x0000000087100000| Untracked 
| 114|0x0000000087200000, 0x0000000087200000, 0x0000000087300000|  0%| F|  |TAMS 0x0000000087200000, 0x0000000087200000| Untracked 
| 115|0x0000000087300000, 0x0000000087300000, 0x0000000087400000|  0%| F|  |TAMS 0x0000000087300000, 0x0000000087300000| Untracked 
| 116|0x0000000087400000, 0x0000000087400000, 0x0000000087500000|  0%| F|  |TAMS 0x0000000087400000, 0x0000000087400000| Untracked 
| 117|0x0000000087500000, 0x0000000087500000, 0x0000000087600000|  0%| F|  |TAMS 0x0000000087500000, 0x0000000087500000| Untracked 
| 118|0x0000000087600000, 0x0000000087700000, 0x0000000087700000|100%| S|CS|TAMS 0x0000000087600000, 0x0000000087600000| Complete 
| 119|0x0000000087700000, 0x0000000087800000, 0x0000000087800000|100%| S|CS|TAMS 0x0000000087700000, 0x0000000087700000| Complete 
| 120|0x0000000087800000, 0x0000000087900000, 0x0000000087900000|100%| S|CS|TAMS 0x0000000087800000, 0x0000000087800000| Complete 
| 121|0x0000000087900000, 0x0000000087a00000, 0x0000000087a00000|100%| S|CS|TAMS 0x0000000087900000, 0x0000000087900000| Complete 
| 122|0x0000000087a00000, 0x0000000087b00000, 0x0000000087b00000|100%| S|CS|TAMS 0x0000000087a00000, 0x0000000087a00000| Complete 
| 123|0x0000000087b00000, 0x0000000087b00000, 0x0000000087c00000|  0%| F|  |TAMS 0x0000000087b00000, 0x0000000087b00000| Untracked 
| 124|0x0000000087c00000, 0x0000000087c00000, 0x0000000087d00000|  0%| F|  |TAMS 0x0000000087c00000, 0x0000000087c00000| Untracked 
| 125|0x0000000087d00000, 0x0000000087d00000, 0x0000000087e00000|  0%| F|  |TAMS 0x0000000087d00000, 0x0000000087d00000| Untracked 
| 126|0x0000000087e00000, 0x0000000087e00000, 0x0000000087f00000|  0%| F|  |TAMS 0x0000000087e00000, 0x0000000087e00000| Untracked 
| 127|0x0000000087f00000, 0x0000000087f00000, 0x0000000088000000|  0%| F|  |TAMS 0x0000000087f00000, 0x0000000087f00000| Untracked 
| 128|0x0000000088000000, 0x0000000088000000, 0x0000000088100000|  0%| F|  |TAMS 0x0000000088000000, 0x0000000088000000| Untracked 
| 129|0x0000000088100000, 0x0000000088100000, 0x0000000088200000|  0%| F|  |TAMS 0x0000000088100000, 0x0000000088100000| Untracked 
| 130|0x0000000088200000, 0x0000000088200000, 0x0000000088300000|  0%| F|  |TAMS 0x0000000088200000, 0x0000000088200000| Untracked 
| 131|0x0000000088300000, 0x0000000088300000, 0x0000000088400000|  0%| F|  |TAMS 0x0000000088300000, 0x0000000088300000| Untracked 
| 132|0x0000000088400000, 0x0000000088400000, 0x0000000088500000|  0%| F|  |TAMS 0x0000000088400000, 0x0000000088400000| Untracked 
| 133|0x0000000088500000, 0x0000000088500000, 0x0000000088600000|  0%| F|  |TAMS 0x0000000088500000, 0x0000000088500000| Untracked 
| 134|0x0000000088600000, 0x0000000088600000, 0x0000000088700000|  0%| F|  |TAMS 0x0000000088600000, 0x0000000088600000| Untracked 
| 135|0x0000000088700000, 0x0000000088700000, 0x0000000088800000|  0%| F|  |TAMS 0x0000000088700000, 0x0000000088700000| Untracked 
| 136|0x0000000088800000, 0x0000000088800000, 0x0000000088900000|  0%| F|  |TAMS 0x0000000088800000, 0x0000000088800000| Untracked 
| 137|0x0000000088900000, 0x0000000088900000, 0x0000000088a00000|  0%| F|  |TAMS 0x0000000088900000, 0x0000000088900000| Untracked 
| 138|0x0000000088a00000, 0x0000000088a00000, 0x0000000088b00000|  0%| F|  |TAMS 0x0000000088a00000, 0x0000000088a00000| Untracked 
| 139|0x0000000088b00000, 0x0000000088b00000, 0x0000000088c00000|  0%| F|  |TAMS 0x0000000088b00000, 0x0000000088b00000| Untracked 
| 140|0x0000000088c00000, 0x0000000088c00000, 0x0000000088d00000|  0%| F|  |TAMS 0x0000000088c00000, 0x0000000088c00000| Untracked 
| 141|0x0000000088d00000, 0x0000000088d00000, 0x0000000088e00000|  0%| F|  |TAMS 0x0000000088d00000, 0x0000000088d00000| Untracked 
| 142|0x0000000088e00000, 0x0000000088e00000, 0x0000000088f00000|  0%| F|  |TAMS 0x0000000088e00000, 0x0000000088e00000| Untracked 
| 143|0x0000000088f00000, 0x0000000088f00000, 0x0000000089000000|  0%| F|  |TAMS 0x0000000088f00000, 0x0000000088f00000| Untracked 
| 144|0x0000000089000000, 0x0000000089000000, 0x0000000089100000|  0%| F|  |TAMS 0x0000000089000000, 0x0000000089000000| Untracked 
| 145|0x0000000089100000, 0x0000000089100000, 0x0000000089200000|  0%| F|  |TAMS 0x0000000089100000, 0x0000000089100000| Untracked 
| 146|0x0000000089200000, 0x0000000089200000, 0x0000000089300000|  0%| F|  |TAMS 0x0000000089200000, 0x0000000089200000| Untracked 
| 147|0x0000000089300000, 0x0000000089300000, 0x0000000089400000|  0%| F|  |TAMS 0x0000000089300000, 0x0000000089300000| Untracked 
| 148|0x0000000089400000, 0x0000000089400000, 0x0000000089500000|  0%| F|  |TAMS 0x0000000089400000, 0x0000000089400000| Untracked 
| 149|0x0000000089500000, 0x0000000089500000, 0x0000000089600000|  0%| F|  |TAMS 0x0000000089500000, 0x0000000089500000| Untracked 
| 150|0x0000000089600000, 0x0000000089600000, 0x0000000089700000|  0%| F|  |TAMS 0x0000000089600000, 0x0000000089600000| Untracked 
| 151|0x0000000089700000, 0x0000000089700000, 0x0000000089800000|  0%| F|  |TAMS 0x0000000089700000, 0x0000000089700000| Untracked 

Card table byte_map: [0x000001c61ec30000,0x000001c61f030000] _byte_map_base: 0x000001c61e830000

Marking Bits (Prev, Next): (CMBitMap*) 0x000001c60c159250, (CMBitMap*) 0x000001c60c159218
 Prev Bits: [0x000001c621430000, 0x000001c623430000)
 Next Bits: [0x000001c61f430000, 0x000001c621430000)

Polling page: 0x000001c60a100000

Metaspace:

Usage:
  Non-class:     27.91 MB capacity,    27.45 MB ( 98%) used,   403.98 KB (  1%) free+waste,    69.44 KB ( <1%) overhead. 
      Class:      4.41 MB capacity,     4.16 MB ( 94%) used,   225.02 KB (  5%) free+waste,    34.38 KB ( <1%) overhead. 
       Both:     32.33 MB capacity,    31.61 MB ( 98%) used,   628.99 KB (  2%) free+waste,   103.81 KB ( <1%) overhead. 

Virtual space:
  Non-class space:       36.00 MB reserved,      27.92 MB ( 78%) committed 
      Class space:        1.00 GB reserved,       4.50 MB ( <1%) committed 
             Both:        1.04 GB reserved,      32.42 MB (  3%) committed 

Chunk freelists:
   Non-Class:  10.00 KB
       Class:  0 bytes
        Both:  10.00 KB

MaxMetaspaceSize: 17179869184.00 GB
CompressedClassSpaceSize: 1.00 GB
Initial GC threshold: 20.80 MB
Current GC threshold: 35.40 MB
CDS: off

CodeHeap 'non-profiled nmethods': size=120064Kb used=1335Kb max_used=1335Kb free=118728Kb
 bounds [0x000001c6176f0000, 0x000001c617960000, 0x000001c61ec30000]
CodeHeap 'profiled nmethods': size=120000Kb used=6169Kb max_used=6169Kb free=113830Kb
 bounds [0x000001c6101c0000, 0x000001c6107d0000, 0x000001c6176f0000]
CodeHeap 'non-nmethods': size=5696Kb used=1228Kb max_used=1260Kb free=4467Kb
 bounds [0x000001c60fc30000, 0x000001c60fea0000, 0x000001c6101c0000]
 total_blobs=3248 nmethods=2740 adapters=421
 compilation: enabled
              stopped_count=0, restarted_count=0
 full_count=0

Compilation events (20 events):
Event: 31.004 Thread 0x000001c62588e000 2734       3       java.util.LinkedList::node (65 bytes)
Event: 31.004 Thread 0x000001c62588e000 nmethod 2734 0x000001c6107c2510 code [0x000001c6107c26e0, 0x000001c6107c2998]
Event: 31.010 Thread 0x000001c62588e000 2735       3       java.util.concurrent.atomic.AtomicInteger::<init> (5 bytes)
Event: 31.010 Thread 0x000001c62588e000 nmethod 2735 0x000001c6107c2b10 code [0x000001c6107c2cc0, 0x000001c6107c2e78]
Event: 31.016 Thread 0x000001c62588e000 2736       3       org.codehaus.groovy.reflection.CachedClass::getInterfaces (11 bytes)
Event: 31.016 Thread 0x000001c62588e000 nmethod 2736 0x000001c6107c2f90 code [0x000001c6107c3160, 0x000001c6107c3408]
Event: 31.017 Thread 0x000001c62588e000 2737       3       org.codehaus.groovy.util.ReferenceType$1::createReference (11 bytes)
Event: 31.017 Thread 0x000001c62588e000 nmethod 2737 0x000001c6107c3510 code [0x000001c6107c3700, 0x000001c6107c3b78]
Event: 31.018 Thread 0x000001c62588e000 2738       3       java.util.WeakHashMap::get (77 bytes)
Event: 31.019 Thread 0x000001c62588e000 nmethod 2738 0x000001c6107c3d10 code [0x000001c6107c3f40, 0x000001c6107c4748]
Event: 31.025 Thread 0x000001c62588e000 2739       3       java.lang.invoke.MethodHandles$Lookup::checkMethod (83 bytes)
Event: 31.026 Thread 0x000001c62588e000 nmethod 2739 0x000001c6107c4a90 code [0x000001c6107c4cc0, 0x000001c6107c5418]
Event: 31.026 Thread 0x000001c62588e000 2740       3       java.lang.invoke.MethodHandles$Lookup::maybeBindCaller (47 bytes)
Event: 31.026 Thread 0x000001c62588e000 nmethod 2740 0x000001c6107c5690 code [0x000001c6107c58e0, 0x000001c6107c61e8]
Event: 31.028 Thread 0x000001c62588e000 2741       1       java.lang.StackTraceElement::getLineNumber (5 bytes)
Event: 31.028 Thread 0x000001c62588e000 nmethod 2741 0x000001c61783d410 code [0x000001c61783d5c0, 0x000001c61783d678]
Event: 31.028 Thread 0x000001c62588e000 2742       1       java.lang.StackTraceElement::getFileName (5 bytes)
Event: 31.028 Thread 0x000001c62588e000 nmethod 2742 0x000001c61783d710 code [0x000001c61783d8c0, 0x000001c61783d978]
Event: 31.036 Thread 0x000001c62588e000 2743       1       java.lang.StackTraceElement::getClassName (5 bytes)
Event: 31.036 Thread 0x000001c62588e000 nmethod 2743 0x000001c61783da10 code [0x000001c61783dbc0, 0x000001c61783dc78]

GC Heap History (16 events):
Event: 0.393 GC heap before
{Heap before GC invocations=0 (full 0):
 garbage-first heap   total 155648K, used 7168K [0x0000000080000000, 0x0000000100000000)
  region size 1024K, 7 young (7168K), 0 survivors (0K)
 Metaspace       used 6126K, capacity 6261K, committed 6528K, reserved 1056768K
  class space    used 527K, capacity 578K, committed 640K, reserved 1048576K
}
Event: 0.396 GC heap after
{Heap after GC invocations=1 (full 0):
 garbage-first heap   total 155648K, used 1405K [0x0000000080000000, 0x0000000100000000)
  region size 1024K, 1 young (1024K), 1 survivors (1024K)
 Metaspace       used 6126K, capacity 6261K, committed 6528K, reserved 1056768K
  class space    used 527K, capacity 578K, committed 640K, reserved 1048576K
}
Event: 4.265 GC heap before
{Heap before GC invocations=1 (full 0):
 garbage-first heap   total 155648K, used 99709K [0x0000000080000000, 0x0000000100000000)
  region size 1024K, 91 young (93184K), 1 survivors (1024K)
 Metaspace       used 17752K, capacity 18165K, committed 18432K, reserved 1064960K
  class space    used 2068K, capacity 2211K, committed 2304K, reserved 1048576K
}
Event: 4.281 GC heap after
{Heap after GC invocations=2 (full 0):
 garbage-first heap   total 155648K, used 16150K [0x0000000080000000, 0x0000000100000000)
  region size 1024K, 12 young (12288K), 12 survivors (12288K)
 Metaspace       used 17752K, capacity 18165K, committed 18432K, reserved 1064960K
  class space    used 2068K, capacity 2211K, committed 2304K, reserved 1048576K
}
Event: 4.400 GC heap before
{Heap before GC invocations=2 (full 0):
 garbage-first heap   total 155648K, used 21270K [0x0000000080000000, 0x0000000100000000)
  region size 1024K, 17 young (17408K), 12 survivors (12288K)
 Metaspace       used 18347K, capacity 18781K, committed 19072K, reserved 1067008K
  class space    used 2161K, capacity 2310K, committed 2432K, reserved 1048576K
}
Event: 4.413 GC heap after
{Heap after GC invocations=3 (full 0):
 garbage-first heap   total 155648K, used 17024K [0x0000000080000000, 0x0000000100000000)
  region size 1024K, 1 young (1024K), 1 survivors (1024K)
 Metaspace       used 18347K, capacity 18781K, committed 19072K, reserved 1067008K
  class space    used 2161K, capacity 2310K, committed 2432K, reserved 1048576K
}
Event: 5.726 GC heap before
{Heap before GC invocations=3 (full 0):
 garbage-first heap   total 155648K, used 33408K [0x0000000080000000, 0x0000000100000000)
  region size 1024K, 18 young (18432K), 1 survivors (1024K)
 Metaspace       used 20113K, capacity 20587K, committed 20864K, reserved 1067008K
  class space    used 2447K, capacity 2614K, committed 2688K, reserved 1048576K
}
Event: 5.735 GC heap after
{Heap after GC invocations=4 (full 0):
 garbage-first heap   total 155648K, used 16882K [0x0000000080000000, 0x0000000100000000)
  region size 1024K, 1 young (1024K), 1 survivors (1024K)
 Metaspace       used 20113K, capacity 20587K, committed 20864K, reserved 1067008K
  class space    used 2447K, capacity 2614K, committed 2688K, reserved 1048576K
}
Event: 9.048 GC heap before
{Heap before GC invocations=4 (full 0):
 garbage-first heap   total 155648K, used 20978K [0x0000000080000000, 0x0000000100000000)
  region size 1024K, 6 young (6144K), 1 survivors (1024K)
 Metaspace       used 20851K, capacity 21239K, committed 21296K, reserved 1069056K
  class space    used 2526K, capacity 2682K, committed 2688K, reserved 1048576K
}
Event: 9.050 GC heap after
{Heap after GC invocations=5 (full 0):
 garbage-first heap   total 155648K, used 16981K [0x0000000080000000, 0x0000000100000000)
  region size 1024K, 1 young (1024K), 1 survivors (1024K)
 Metaspace       used 20851K, capacity 21239K, committed 21296K, reserved 1069056K
  class space    used 2526K, capacity 2682K, committed 2688K, reserved 1048576K
}
Event: 14.587 GC heap before
{Heap before GC invocations=6 (full 0):
 garbage-first heap   total 155648K, used 50773K [0x0000000080000000, 0x0000000100000000)
  region size 1024K, 34 young (34816K), 1 survivors (1024K)
 Metaspace       used 24221K, capacity 24795K, committed 25008K, reserved 1071104K
  class space    used 3067K, capacity 3255K, committed 3328K, reserved 1048576K
}
Event: 14.592 GC heap after
{Heap after GC invocations=7 (full 0):
 garbage-first heap   total 155648K, used 18108K [0x0000000080000000, 0x0000000100000000)
  region size 1024K, 2 young (2048K), 2 survivors (2048K)
 Metaspace       used 24221K, capacity 24795K, committed 25008K, reserved 1071104K
  class space    used 3067K, capacity 3255K, committed 3328K, reserved 1048576K
}
Event: 25.835 GC heap before
{Heap before GC invocations=7 (full 0):
 garbage-first heap   total 155648K, used 63164K [0x0000000080000000, 0x0000000100000000)
  region size 1024K, 46 young (47104K), 2 survivors (2048K)
 Metaspace       used 28788K, capacity 29479K, committed 29616K, reserved 1075200K
  class space    used 3757K, capacity 3995K, committed 4096K, reserved 1048576K
}
Event: 25.849 GC heap after
{Heap after GC invocations=8 (full 0):
 garbage-first heap   total 155648K, used 19661K [0x0000000080000000, 0x0000000100000000)
  region size 1024K, 4 young (4096K), 4 survivors (4096K)
 Metaspace       used 28788K, capacity 29479K, committed 29616K, reserved 1075200K
  class space    used 3757K, capacity 3995K, committed 4096K, reserved 1048576K
}
Event: 31.059 GC heap before
{Heap before GC invocations=8 (full 0):
 garbage-first heap   total 155648K, used 48333K [0x0000000080000000, 0x0000000100000000)
  region size 1024K, 33 young (33792K), 4 survivors (4096K)
 Metaspace       used 32369K, capacity 33102K, committed 33200K, reserved 1083392K
  class space    used 4260K, capacity 4520K, committed 4608K, reserved 1048576K
}
Event: 31.070 GC heap after
{Heap after GC invocations=9 (full 0):
 garbage-first heap   total 155648K, used 21208K [0x0000000080000000, 0x0000000100000000)
  region size 1024K, 5 young (5120K), 5 survivors (5120K)
 Metaspace       used 32369K, capacity 33102K, committed 33200K, reserved 1083392K
  class space    used 4260K, capacity 4520K, committed 4608K, reserved 1048576K
}

Deoptimization events (20 events):
Event: 16.981 Thread 0x000001c6273cd800 DEOPT PACKING pc=0x000001c61778e418 sp=0x00000035aebfc710
Event: 16.981 Thread 0x000001c6273cd800 DEOPT UNPACKING pc=0x000001c60fc7a1a9 sp=0x00000035aebfc690 mode 2
Event: 25.265 Thread 0x000001c6273cd800 Uncommon trap: trap_request=0xffffff4d fr.pc=0x000001c6177b8858 relative=0x0000000000000218
Event: 25.266 Thread 0x000001c6273cd800 Uncommon trap: reason=unstable_if action=reinterpret pc=0x000001c6177b8858 method=java.util.HashMap.hash(Ljava/lang/Object;)I @ 1 c2
Event: 25.266 Thread 0x000001c6273cd800 DEOPT PACKING pc=0x000001c6177b8858 sp=0x00000035aebf7970
Event: 25.266 Thread 0x000001c6273cd800 DEOPT UNPACKING pc=0x000001c60fc7a1a9 sp=0x00000035aebf78a8 mode 2
Event: 25.266 Thread 0x000001c6273cd800 Uncommon trap: trap_request=0xffffff4d fr.pc=0x000001c617709e2c relative=0x000000000000008c
Event: 25.266 Thread 0x000001c6273cd800 Uncommon trap: reason=unstable_if action=reinterpret pc=0x000001c617709e2c method=java.util.HashMap.hash(Ljava/lang/Object;)I @ 1 c2
Event: 25.266 Thread 0x000001c6273cd800 DEOPT PACKING pc=0x000001c617709e2c sp=0x00000035aebf76e0
Event: 25.266 Thread 0x000001c6273cd800 DEOPT UNPACKING pc=0x000001c60fc7a1a9 sp=0x00000035aebf7678 mode 2
Event: 25.454 Thread 0x000001c6273cd800 Uncommon trap: trap_request=0xffffff4d fr.pc=0x000001c617817864 relative=0x00000000000001a4
Event: 25.454 Thread 0x000001c6273cd800 Uncommon trap: reason=unstable_if action=reinterpret pc=0x000001c617817864 method=java.util.regex.Pattern$BmpCharProperty.match(Ljava/util/regex/Matcher;ILjava/lang/CharSequence;)Z @ 39 c2
Event: 25.454 Thread 0x000001c6273cd800 DEOPT PACKING pc=0x000001c617817864 sp=0x00000035aebf91c0
Event: 25.454 Thread 0x000001c6273cd800 DEOPT UNPACKING pc=0x000001c60fc7a1a9 sp=0x00000035aebf9170 mode 2
Event: 27.009 Thread 0x000001c6273cd800 Uncommon trap: trap_request=0xffffff4d fr.pc=0x000001c6177b7a30 relative=0x0000000000000230
Event: 27.009 Thread 0x000001c6273cd800 Uncommon trap: reason=unstable_if action=reinterpret pc=0x000001c6177b7a30 method=java.util.HashMap.putVal(ILjava/lang/Object;Ljava/lang/Object;ZZ)Ljava/lang/Object; @ 162 c2
Event: 27.009 Thread 0x000001c6273cd800 DEOPT PACKING pc=0x000001c6177b7a30 sp=0x00000035aebfa2c0
Event: 27.009 Thread 0x000001c6273cd800 DEOPT UNPACKING pc=0x000001c60fc7a1a9 sp=0x00000035aebfa1d0 mode 2
Event: 29.607 Thread 0x000001c6273cd800 DEOPT PACKING pc=0x000001c61062b779 sp=0x00000035aebf4850
Event: 29.607 Thread 0x000001c6273cd800 DEOPT UNPACKING pc=0x000001c60fc7a93f sp=0x00000035aebf3d98 mode 0

Classes redefined (0 events):
No events

Internal exceptions (20 events):
Event: 24.412 Thread 0x000001c6273cd800 Exception <a 'java/lang/NoSuchMethodError'{0x000000008792dca8}: 'java.lang.Object java.lang.invoke.DirectMethodHandle$Holder.invokeSpecialIFC(java.lang.Object, java.lang.Object, java.lang.Object, java.lang.Object)'> (0x000000008792dca8) thrown at [./src/hotspot/share/interpreter/linkResolver.cpp, line 773]
Event: 25.265 Thread 0x000001c6273cd800 Implicit null exception at 0x000001c6177b8675 to 0x000001c6177b8848
Event: 25.266 Thread 0x000001c6273cd800 Implicit null exception at 0x000001c617709daf to 0x000001c617709e1d
Event: 25.459 Thread 0x000001c6273cd800 Exception <a 'java/lang/NoSuchMethodError'{0x0000000086d41d78}: 'java.lang.Object java.lang.invoke.DirectMethodHandle$Holder.invokeSpecial(java.lang.Object, java.lang.Object, java.lang.Object, java.lang.Object, java.lang.Object, java.lang.Object, java.lang.Object, java.lang.Object, java.lang.Object, java.lang.Object, java.lang.Object, java.lang.Object, java.lang.Object)'> (0x0000000086d41d78) thrown at [./src/hotspot/share/interpreter/linkResolver.cpp, line 773]
Event: 25.460 Thread 0x000001c6273cd800 Exception <a 'java/lang/NoSuchMethodError'{0x0000000086d52e80}: 'java.lang.Object java.lang.invoke.DirectMethodHandle$Holder.invokeSpecial(java.lang.Object, java.lang.Object, java.lang.Object, java.lang.Object, java.lang.Object, java.lang.Object, java.lang.Object, java.lang.Object, java.lang.Object, java.lang.Object, java.lang.Object, java.lang.Object)'> (0x0000000086d52e80) thrown at [./src/hotspot/share/interpreter/linkResolver.cpp, line 773]
Event: 25.461 Thread 0x000001c6273cd800 Exception <a 'java/lang/NoSuchMethodError'{0x0000000086d58250}: 'java.lang.Object java.lang.invoke.Invokers$Holder.linkToTargetMethod(java.lang.Object, java.lang.Object, java.lang.Object, java.lang.Object, java.lang.Object, java.lang.Object, java.lang.Object, java.lang.Object, java.lang.Object, java.lang.Object, java.lang.Object)'> (0x0000000086d58250) thrown at [./src/hotspot/share/interpreter/linkResolver.cpp, line 773]
Event: 25.503 Thread 0x000001c6273cd800 Exception <a 'java/lang/NoSuchMethodError'{0x0000000086df1628}: 'java.lang.Object java.lang.invoke.DirectMethodHandle$Holder.invokeSpecial(java.lang.Object, java.lang.Object, java.lang.Object, java.lang.Object, java.lang.Object, java.lang.Object, java.lang.Object, java.lang.Object, java.lang.Object, java.lang.Object, java.lang.Object, java.lang.Object, java.lang.Object, java.lang.Object)'> (0x0000000086df1628) thrown at [./src/hotspot/share/interpreter/linkResolver.cpp, line 773]
Event: 25.504 Thread 0x000001c6273cd800 Exception <a 'java/lang/NoSuchMethodError'{0x0000000086c03ff8}: 'java.lang.Object java.lang.invoke.Invokers$Holder.linkToTargetMethod(java.lang.Object, java.lang.Object, java.lang.Object, java.lang.Object, java.lang.Object, java.lang.Object, java.lang.Object, java.lang.Object, java.lang.Object, java.lang.Object, java.lang.Object, java.lang.Object)'> (0x0000000086c03ff8) thrown at [./src/hotspot/share/interpreter/linkResolver.cpp, line 773]
Event: 25.591 Thread 0x000001c6273cd800 Exception <a 'java/lang/NoSuchMethodError'{0x0000000086ce5a78}: 'java.lang.Object java.lang.invoke.DirectMethodHandle$Holder.invokeStaticInit(java.lang.Object, java.lang.Object, java.lang.Object, java.lang.Object)'> (0x0000000086ce5a78) thrown at [./src/hotspot/share/interpreter/linkResolver.cpp, line 773]
Event: 26.098 Thread 0x000001c6273cd800 Exception <a 'java/lang/NoSuchMethodError'{0x00000000891a59d0}: 'java.lang.Object java.lang.invoke.Invokers$Holder.linkToTargetMethod(java.lang.Object, java.lang.Object, java.lang.Object, java.lang.Object, java.lang.Object, java.lang.Object, java.lang.Object, java.lang.Object)'> (0x00000000891a59d0) thrown at [./src/hotspot/share/interpreter/linkResolver.cpp, line 773]
Event: 26.102 Thread 0x000001c6273cd800 Exception <a 'java/lang/NoSuchMethodError'{0x00000000891fa538}: 'java.lang.Object java.lang.invoke.Invokers$Holder.linkToTargetMethod(java.lang.Object, java.lang.Object, java.lang.Object, java.lang.Object, java.lang.Object, java.lang.Object, java.lang.Object)'> (0x00000000891fa538) thrown at [./src/hotspot/share/interpreter/linkResolver.cpp, line 773]
Event: 26.115 Thread 0x000001c6273cd800 Exception <a 'java/lang/IncompatibleClassChangeError'{0x000000008904da60}: Found class java.lang.Object, but interface was expected> (0x000000008904da60) thrown at [./src/hotspot/share/interpreter/linkResolver.cpp, line 839]
Event: 30.819 Thread 0x000001c6273cd800 Exception <a 'java/lang/NoSuchMethodError'{0x0000000087e8e6a8}: 'void java.lang.invoke.DirectMethodHandle$Holder.invokeStaticInit(java.lang.Object, java.lang.Object, java.lang.Object)'> (0x0000000087e8e6a8) thrown at [./src/hotspot/share/interpreter/linkResolver.cpp, line 773]
Event: 30.821 Thread 0x000001c6273cd800 Exception <a 'java/lang/NoSuchMethodError'{0x0000000087e95900}: 'void java.lang.invoke.DirectMethodHandle$Holder.invokeStaticInit(java.lang.Object, java.lang.Object, java.lang.Object, java.lang.Object)'> (0x0000000087e95900) thrown at [./src/hotspot/share/interpreter/linkResolver.cpp, line 773]
Event: 30.827 Thread 0x000001c6273cd800 Exception <a 'java/lang/NoSuchMethodError'{0x0000000087eb8038}: 'void java.lang.invoke.DirectMethodHandle$Holder.invokeStaticInit(java.lang.Object, java.lang.Object, java.lang.Object, java.lang.Object, java.lang.Object)'> (0x0000000087eb8038) thrown at [./src/hotspot/share/interpreter/linkResolver.cpp, line 773]
Event: 30.924 Thread 0x000001c6273cd800 Exception <a 'java/lang/NoSuchMethodError'{0x0000000087d16c78}: 'int java.lang.invoke.DirectMethodHandle$Holder.invokeStaticInit(java.lang.Object, java.lang.Object, java.lang.Object, java.lang.Object)'> (0x0000000087d16c78) thrown at [./src/hotspot/share/interpreter/linkResolver.cpp, line 773]
Event: 31.021 Thread 0x000001c6273cd800 Exception <a 'java/lang/OutOfMemoryError'{0x0000000087c4a910}> (0x0000000087c4a910) thrown at [./src/hotspot/share/prims/jni.cpp, line 637]
Event: 31.021 Thread 0x000001c6273cd800 Exception <a 'java/lang/OutOfMemoryError'{0x0000000087c4a910}> (0x0000000087c4a910) thrown at [./src/hotspot/share/prims/jvm.cpp, line 1310]
Event: 31.021 Thread 0x000001c6273cd800 Exception <a 'java/lang/OutOfMemoryError'{0x0000000087c4a910}> (0x0000000087c4a910) thrown at [./src/hotspot/share/oops/instanceKlass.cpp, line 1029]
Event: 31.021 Thread 0x000001c6273cd800 Exception <a 'java/lang/OutOfMemoryError'{0x0000000087c4a910}> (0x0000000087c4a910) thrown at [./src/hotspot/share/oops/instanceKlass.cpp, line 1029]

Events (20 events):
Event: 31.028 loading class org/gradle/internal/exceptions/ContextAwareException$1
Event: 31.028 loading class org/gradle/internal/exceptions/ContextAwareException$1 done
Event: 31.032 loading class org/codehaus/groovy/runtime/StackTraceUtils
Event: 31.032 loading class org/codehaus/groovy/runtime/StackTraceUtils done
Event: 31.036 loading class java/util/logging/LogRecord
Event: 31.040 loading class java/util/logging/LogRecord done
Event: 31.040 loading class java/time/Instant
Event: 31.042 loading class java/time/temporal/Temporal
Event: 31.050 loading class java/time/temporal/TemporalAccessor
Event: 31.050 loading class java/time/temporal/TemporalAccessor done
Event: 31.050 loading class java/time/temporal/Temporal done
Event: 31.050 loading class java/time/temporal/TemporalAdjuster
Event: 31.050 loading class java/time/temporal/TemporalAdjuster done
Event: 31.050 loading class java/time/Instant done
Event: 31.051 loading class java/time/Clock
Event: 31.055 loading class java/time/Clock done
Event: 31.056 loading class java/time/Clock$SystemClock
Event: 31.056 loading class java/time/Clock$SystemClock done
Event: 31.056 loading class java/time/ZoneOffset
Event: 31.059 Executing VM operation: CollectForMetadataAllocation


Dynamic libraries:
0x00007ff77e220000 - 0x00007ff77e22a000 	C:\Program Files\Android\Android Studio\jre\bin\java.exe
0x00007ffb2ee80000 - 0x00007ffb2f089000 	C:\Windows\SYSTEM32\ntdll.dll
0x00007ffb2ea20000 - 0x00007ffb2eade000 	C:\Windows\System32\KERNEL32.DLL
0x00007ffb2c7d0000 - 0x00007ffb2cb54000 	C:\Windows\System32\KERNELBASE.dll
0x000000005ac70000 - 0x000000005ad05000 	C:\Windows\System32\SYSFER.DLL
0x00007ffb2ed20000 - 0x00007ffb2edcf000 	C:\Windows\System32\ADVAPI32.dll
0x00007ffb2e6d0000 - 0x00007ffb2e773000 	C:\Windows\System32\msvcrt.dll
0x00007ffb2e780000 - 0x00007ffb2e81e000 	C:\Windows\System32\sechost.dll
0x00007ffb2d2d0000 - 0x00007ffb2d3f1000 	C:\Windows\System32\RPCRT4.dll
0x00007ffb2c6b0000 - 0x00007ffb2c7c1000 	C:\Windows\System32\ucrtbase.dll
0x00007ffb0ecd0000 - 0x00007ffb0ece7000 	C:\Program Files\Android\Android Studio\jre\bin\VCRUNTIME140.dll
0x00007ffb0c5f0000 - 0x00007ffb0c609000 	C:\Program Files\Android\Android Studio\jre\bin\jli.dll
0x00007ffb2eaf0000 - 0x00007ffb2ec9d000 	C:\Windows\System32\USER32.dll
0x00007ffb2cc00000 - 0x00007ffb2cc26000 	C:\Windows\System32\win32u.dll
0x00007ffb2d850000 - 0x00007ffb2d87a000 	C:\Windows\System32\GDI32.dll
0x00007ffb2c420000 - 0x00007ffb2c53f000 	C:\Windows\System32\gdi32full.dll
0x00007ffb2cb60000 - 0x00007ffb2cbfd000 	C:\Windows\System32\msvcp_win.dll
0x00007ffb1f400000 - 0x00007ffb1f6a5000 	C:\Windows\WinSxS\amd64_microsoft.windows.common-controls_6595b64144ccf1df_6.0.22000.120_none_9d947278b86cc467\COMCTL32.dll
0x00007ffb2ccf0000 - 0x00007ffb2cd21000 	C:\Windows\System32\IMM32.DLL
0x00007ffafc3c0000 - 0x00007ffafc45d000 	C:\Program Files\Android\Android Studio\jre\bin\msvcp140.dll
0x00007ffae23c0000 - 0x00007ffae2ec2000 	C:\Program Files\Android\Android Studio\jre\bin\server\jvm.dll
0x00007ffb2eca0000 - 0x00007ffb2eca8000 	C:\Windows\System32\PSAPI.DLL
0x00007ffb20da0000 - 0x00007ffb20da9000 	C:\Windows\SYSTEM32\WSOCK32.dll
0x00007ffb2edd0000 - 0x00007ffb2ee3f000 	C:\Windows\System32\WS2_32.dll
0x00007ffb28240000 - 0x00007ffb28273000 	C:\Windows\SYSTEM32\WINMM.dll
0x00007ffb289e0000 - 0x00007ffb289ea000 	C:\Windows\SYSTEM32\VERSION.dll
0x00007ffb2b3b0000 - 0x00007ffb2b3c8000 	C:\Windows\SYSTEM32\kernel.appcore.dll
0x00007ffb28570000 - 0x00007ffb28581000 	C:\Program Files\Android\Android Studio\jre\bin\verify.dll
0x00007ffb265a0000 - 0x00007ffb267c1000 	C:\Windows\SYSTEM32\DBGHELP.DLL
0x00007ffb26360000 - 0x00007ffb26391000 	C:\Windows\SYSTEM32\dbgcore.DLL
0x00007ffb2c3a0000 - 0x00007ffb2c41f000 	C:\Windows\System32\bcryptPrimitives.dll
0x00007ffb25a30000 - 0x00007ffb25a59000 	C:\Program Files\Android\Android Studio\jre\bin\java.dll
0x00007ffb28af0000 - 0x00007ffb28afb000 	C:\Program Files\Android\Android Studio\jre\bin\jimage.dll
0x00007ffb25260000 - 0x00007ffb25278000 	C:\Program Files\Android\Android Studio\jre\bin\zip.dll
0x00007ffb2df00000 - 0x00007ffb2e6c5000 	C:\Windows\System32\SHELL32.dll
0x00007ffb2a410000 - 0x00007ffb2ac74000 	C:\Windows\SYSTEM32\windows.storage.dll
0x00007ffb2cd30000 - 0x00007ffb2d0a6000 	C:\Windows\System32\combase.dll
0x00007ffb2a2a0000 - 0x00007ffb2a407000 	C:\Windows\SYSTEM32\wintypes.dll
0x00007ffb2d1e0000 - 0x00007ffb2d2ca000 	C:\Windows\System32\SHCORE.dll
0x00007ffb2d880000 - 0x00007ffb2d8dd000 	C:\Windows\System32\shlwapi.dll
0x00007ffb2c260000 - 0x00007ffb2c281000 	C:\Windows\SYSTEM32\profapi.dll
0x00007ffb25240000 - 0x00007ffb2525a000 	C:\Program Files\Android\Android Studio\jre\bin\net.dll
0x00007ffb273f0000 - 0x00007ffb27503000 	C:\Windows\SYSTEM32\WINHTTP.dll
0x00007ffb2b850000 - 0x00007ffb2b8b7000 	C:\Windows\system32\mswsock.dll
0x00007ffb25220000 - 0x00007ffb25234000 	C:\Program Files\Android\Android Studio\jre\bin\nio.dll
0x00007ffb1a060000 - 0x00007ffb1a087000 	C:\Users\Adm\.gradle\native\e1d6ef7f7dcc3fd88c89a11ec53ec762bb8ba0a96d01ffa2cd45eb1d1d8dd5c5\windows-amd64\native-platform.dll
0x00007ffae3480000 - 0x00007ffae35c4000 	C:\Users\Adm\.gradle\native\0d407fdbe67a94daf76414ababcb853783967236a71b16ec16e742cd7a986fd3\windows-amd64\native-platform-file-events.dll
0x00007ffb28940000 - 0x00007ffb2894a000 	C:\Program Files\Android\Android Studio\jre\bin\management.dll
0x00007ffb28870000 - 0x00007ffb2887d000 	C:\Program Files\Android\Android Studio\jre\bin\management_ext.dll
0x00007ffb2baa0000 - 0x00007ffb2bab8000 	C:\Windows\SYSTEM32\CRYPTSP.dll
0x00007ffb2b310000 - 0x00007ffb2b345000 	C:\Windows\system32\rsaenh.dll
0x00007ffb2b950000 - 0x00007ffb2b979000 	C:\Windows\SYSTEM32\USERENV.dll
0x00007ffb2bc20000 - 0x00007ffb2bc47000 	C:\Windows\SYSTEM32\bcrypt.dll
0x00007ffb2bac0000 - 0x00007ffb2bacc000 	C:\Windows\SYSTEM32\CRYPTBASE.dll
0x00007ffb2aed0000 - 0x00007ffb2aefd000 	C:\Windows\SYSTEM32\IPHLPAPI.DLL
0x00007ffb2ddd0000 - 0x00007ffb2ddd9000 	C:\Windows\System32\NSI.dll
0x00007ffb26fa0000 - 0x00007ffb26fb9000 	C:\Windows\SYSTEM32\dhcpcsvc6.DLL
0x00007ffb28070000 - 0x00007ffb2808e000 	C:\Windows\SYSTEM32\dhcpcsvc.DLL
0x00007ffb2af00000 - 0x00007ffb2afe8000 	C:\Windows\SYSTEM32\DNSAPI.dll

dbghelp: loaded successfully - version: 4.0.5 - missing functions: none
symbol engine: initialized successfully - sym options: 0x614 - pdb path: .;C:\Program Files\Android\Android Studio\jre\bin;C:\Windows\SYSTEM32;C:\Windows\WinSxS\amd64_microsoft.windows.common-controls_6595b64144ccf1df_6.0.22000.120_none_9d947278b86cc467;C:\Program Files\Android\Android Studio\jre\bin\server;C:\Users\Adm\.gradle\native\e1d6ef7f7dcc3fd88c89a11ec53ec762bb8ba0a96d01ffa2cd45eb1d1d8dd5c5\windows-amd64;C:\Users\Adm\.gradle\native\0d407fdbe67a94daf76414ababcb853783967236a71b16ec16e742cd7a986fd3\windows-amd64

VM Arguments:
jvm_args: --add-opens=java.base/java.util=ALL-UNNAMED --add-opens=java.base/java.lang=ALL-UNNAMED --add-opens=java.base/java.lang.invoke=ALL-UNNAMED --add-opens=java.base/java.util=ALL-UNNAMED --add-opens=java.prefs/java.util.prefs=ALL-UNNAMED --add-opens=java.prefs/java.util.prefs=ALL-UNNAMED --add-opens=java.base/java.nio.charset=ALL-UNNAMED --add-opens=java.base/java.net=ALL-UNNAMED --add-opens=java.base/java.util.concurrent.atomic=ALL-UNNAMED -Xmx2048m -Dfile.encoding=UTF-8 -Duser.country=BR -Duser.language=pt -Duser.variant 
java_command: org.gradle.launcher.daemon.bootstrap.GradleDaemon 7.4
java_class_path (initial): C:\Users\Adm\.gradle\wrapper\dists\gradle-7.4-bin\c0gwcg53nkjbqw7r0h0umtfvt\gradle-7.4\lib\gradle-launcher-7.4.jar
Launcher Type: SUN_STANDARD

[Global flags]
     intx CICompilerCount                          = 2                                         {product} {ergonomic}
     uint ConcGCThreads                            = 1                                         {product} {ergonomic}
     uint G1ConcRefinementThreads                  = 2                                         {product} {ergonomic}
   size_t G1HeapRegionSize                         = 1048576                                   {product} {ergonomic}
    uintx GCDrainStackTargetSize                   = 64                                        {product} {ergonomic}
   size_t InitialHeapSize                          = 159383552                                 {product} {ergonomic}
   size_t MarkStackSize                            = 4194304                                   {product} {ergonomic}
   size_t MaxHeapSize                              = 2147483648                                {product} {command line}
   size_t MaxNewSize                               = 1287651328                                {product} {ergonomic}
   size_t MinHeapDeltaBytes                        = 1048576                                   {product} {ergonomic}
    uintx NonNMethodCodeHeapSize                   = 5825164                                {pd product} {ergonomic}
    uintx NonProfiledCodeHeapSize                  = 122916538                              {pd product} {ergonomic}
    uintx ProfiledCodeHeapSize                     = 122916538                              {pd product} {ergonomic}
    uintx ReservedCodeCacheSize                    = 251658240                              {pd product} {ergonomic}
     bool SegmentedCodeCache                       = true                                      {product} {ergonomic}
     bool UseCompressedClassPointers               = true                                 {lp64_product} {ergonomic}
     bool UseCompressedOops                        = true                                 {lp64_product} {ergonomic}
     bool UseG1GC                                  = true                                      {product} {ergonomic}
     bool UseLargePagesIndividualAllocation        = false                                  {pd product} {ergonomic}

Logging:
Log output configuration:
 #0: stdout all=warning uptime,level,tags
 #1: stderr all=off uptime,level,tags

Environment Variables:
PATH=C:\Program Files (x86)\Common Files\Oracle\Java\javapath;C:\Windows\system32;C:\Windows;C:\Windows\System32\Wbem;C:\Windows\System32\WindowsPowerShell\v1.0\;C:\Windows\System32\OpenSSH\;C:\Program Files\Microsoft SQL Server\150\Tools\Binn\;C:\Program Files\Microsoft SQL Server\Client SDK\ODBC\170\Tools\Binn\;C:\Program Files\dotnet\;C:\Program Files\Git\cmd;C:\Users\Adm\AppData\Local\Microsoft\WindowsApps;;C:\Users\Adm\AppData\Local\Programs\Microsoft VS Code\bin;C:\Users\Adm\.dotnet\tools
USERNAME=Adm
OS=Windows_NT
PROCESSOR_IDENTIFIER=Intel64 Family 6 Model 94 Stepping 3, GenuineIntel



---------------  S Y S T E M  ---------------

OS: Windows 11 , 64 bit Build 22000 (10.0.22000.1880)
OS uptime: 0 days 22:44 hours

CPU:total 2 (initial active 2) (2 cores per cpu, 1 threads per core) family 6 model 94 stepping 3 microcode 0xd6, cmov, cx8, fxsr, mmx, sse, sse2, sse3, ssse3, sse4.1, sse4.2, popcnt, aes, clmul, erms, 3dnowpref, lzcnt, tsc, tscinvbit

Memory: 4k page, system-wide physical 9672M (268M free)
TotalPageFile size 12744M (AvailPageFile size 0M)
current process WorkingSet (physical memory assigned to process): 220M, peak: 232M
current process commit charge ("private bytes"): 283M, peak: 293M

vm_info: OpenJDK 64-Bit Server VM (11.0.13+0-b1751.21-8125866) for windows-amd64 JRE (11.0.13+0-b1751.21-8125866), built on Feb  2 2022 03:00:22 by "builder" with MS VC++ 14.0 (VS2015)

END.
