#
# There is insufficient memory for the Java Runtime Environment to continue.
# Native memory allocation (malloc) failed to allocate 1104336 bytes for Chunk::new
# Possible reasons:
#   The system is out of physical RAM or swap space
#   The process is running with CompressedOops enabled, and the Java Heap may be blocking the growth of the native heap
# Possible solutions:
#   Reduce memory load on the system
#   Increase physical memory or swap space
#   Check if swap backing store is full
#   Decrease Java heap size (-Xmx/-Xms)
#   Decrease number of Java threads
#   Decrease Java thread stack sizes (-Xss)
#   Set larger code cache with -XX:ReservedCodeCacheSize=
#   JVM is running with Unscaled Compressed Oops mode in which the Java heap is
#     placed in the first 4GB address space. The Java Heap base address is the
#     maximum limit for the native heap growth. Please use -XX:HeapBaseMinAddress
#     to set the Java Heap base and to place the Java Heap above 4GB virtual address.
# This output file may be truncated or incomplete.
#
#  Out of Memory Error (./src/hotspot/share/memory/arena.cpp:197), pid=9012, tid=3788
#
# JRE version: OpenJDK Runtime Environment (11.0.13) (build 11.0.13+0-b1751.21-8125866)
# Java VM: OpenJDK 64-Bit Server VM (11.0.13+0-b1751.21-8125866, mixed mode, tiered, compressed oops, g1 gc, windows-amd64)
# No core dump will be written. Minidumps are not enabled by default on client versions of Windows
#

---------------  S U M M A R Y ------------

Command Line: --add-opens=java.base/java.util=ALL-UNNAMED --add-opens=java.base/java.lang=ALL-UNNAMED --add-opens=java.base/java.lang.invoke=ALL-UNNAMED --add-opens=java.base/java.util=ALL-UNNAMED --add-opens=java.prefs/java.util.prefs=ALL-UNNAMED --add-opens=java.prefs/java.util.prefs=ALL-UNNAMED --add-opens=java.base/java.nio.charset=ALL-UNNAMED --add-opens=java.base/java.net=ALL-UNNAMED --add-opens=java.base/java.util.concurrent.atomic=ALL-UNNAMED -Xmx2048m -Dfile.encoding=UTF-8 -Duser.country=BR -Duser.language=pt -Duser.variant org.gradle.launcher.daemon.bootstrap.GradleDaemon 7.4

Host: Intel(R) Pentium(R) CPU G4500 @ 3.50GHz, 2 cores, 9G,  Windows 11 , 64 bit Build 22000 (10.0.22000.1880)
Time: Wed May 10 16:16:08 2023 Hora oficial do Brasil elapsed time: 3651.395703 seconds (0d 1h 0m 51s)

---------------  T H R E A D  ---------------

Current thread (0x0000027c19ebc800):  JavaThread "C2 CompilerThread0" daemon [_thread_in_native, id=3788, stack(0x000000d5cbd00000,0x000000d5cbe00000)]


Current CompileTask:
C2:3651395 19732       4       org.gradle.internal.fingerprint.impl.DefaultCurrentFileCollectionFingerprint::from (96 bytes)

Stack: [0x000000d5cbd00000,0x000000d5cbe00000]
Native frames: (J=compiled Java code, j=interpreted, Vv=VM code, C=native code)
V  [jvm.dll+0x6100fa]
V  [jvm.dll+0x747090]
V  [jvm.dll+0x7486ad]
V  [jvm.dll+0x748d83]
V  [jvm.dll+0x24ab48]
V  [jvm.dll+0xc04dc]
V  [jvm.dll+0xc0a0c]
V  [jvm.dll+0x35eb9d]
V  [jvm.dll+0x32b833]
V  [jvm.dll+0x32ad2a]
V  [jvm.dll+0x2032b2]
V  [jvm.dll+0x202437]
V  [jvm.dll+0x188e01]
V  [jvm.dll+0x21106b]
V  [jvm.dll+0x20f8c1]
V  [jvm.dll+0x70de0f]
V  [jvm.dll+0x706a75]
V  [jvm.dll+0x60ed66]
C  [ucrtbase.dll+0x26c0c]
C  [KERNEL32.DLL+0x155a0]
C  [ntdll.dll+0x485b]


---------------  P R O C E S S  ---------------

Threads class SMR info:
_java_thread_list=0x0000027c1d3ebf30, length=71, elements={
0x0000027c7cd3e000, 0x0000027c19e9c800, 0x0000027c19e9f800, 0x0000027c1a852800,
0x0000027c19ebb000, 0x0000027c19ebb800, 0x0000027c19ebc800, 0x0000027c19ebe800,
0x0000027c1a89f800, 0x0000027c1a99e800, 0x0000027c1bd4e800, 0x0000027c1b589800,
0x0000027c1b9d4000, 0x0000027c1c33d000, 0x0000027c1c338000, 0x0000027c1c339000,
0x0000027c1c33c000, 0x0000027c1c33b800, 0x0000027c1eade000, 0x0000027c1eadf000,
0x0000027c1eae2000, 0x0000027c1eae0800, 0x0000027c1f1ab000, 0x0000027c1f1a7800,
0x0000027c25ce0000, 0x0000027c25ce6800, 0x0000027c25ceb800, 0x0000027c25ce3800,
0x0000027c25cde000, 0x0000027c25cde800, 0x0000027c25ce4800, 0x0000027c25ce5000,
0x0000027c25cdf800, 0x0000027c25ce6000, 0x0000027c25ce1000, 0x0000027c25ce2800,
0x0000027c25ce7800, 0x0000027c25ce2000, 0x0000027c25ce9000, 0x0000027c25ce8800,
0x0000027c25cec800, 0x0000027c25cea000, 0x0000027c25ceb000, 0x0000027c1f1a6000,
0x0000027c1f1aa000, 0x0000027c1f1a5000, 0x0000027c1f1ab800, 0x0000027c1f1ac800,
0x0000027c1f1a7000, 0x0000027c1f1ad800, 0x0000027c1f1ae000, 0x0000027c1f1a8800,
0x0000027c1f1af000, 0x0000027c1f1a9800, 0x0000027c1f1b0000, 0x0000027c1f1b2800,
0x0000027c1f1b0800, 0x0000027c1f1b3000, 0x0000027c1f1b1800, 0x0000027c1f1b4000,
0x0000027c1eae1000, 0x0000027c1eadc800, 0x0000027c1eae3000, 0x0000027c1eadd000,
0x0000027c1eae9800, 0x0000027c1eae3800, 0x0000027c1eae5800, 0x0000027c1eaea000,
0x0000027c1eae7000, 0x0000027c1eae6000, 0x0000027c1eae7800
}

Java Threads: ( => current thread )
  0x0000027c7cd3e000 JavaThread "main" [_thread_blocked, id=9028, stack(0x000000d5cb100000,0x000000d5cb200000)]
  0x0000027c19e9c800 JavaThread "Reference Handler" daemon [_thread_blocked, id=10696, stack(0x000000d5cb800000,0x000000d5cb900000)]
  0x0000027c19e9f800 JavaThread "Finalizer" daemon [_thread_blocked, id=11808, stack(0x000000d5cb900000,0x000000d5cba00000)]
  0x0000027c1a852800 JavaThread "Signal Dispatcher" daemon [_thread_blocked, id=7580, stack(0x000000d5cba00000,0x000000d5cbb00000)]
  0x0000027c19ebb000 JavaThread "Attach Listener" daemon [_thread_blocked, id=9708, stack(0x000000d5cbb00000,0x000000d5cbc00000)]
  0x0000027c19ebb800 JavaThread "Service Thread" daemon [_thread_blocked, id=5420, stack(0x000000d5cbc00000,0x000000d5cbd00000)]
=>0x0000027c19ebc800 JavaThread "C2 CompilerThread0" daemon [_thread_in_native, id=3788, stack(0x000000d5cbd00000,0x000000d5cbe00000)]
  0x0000027c19ebe800 JavaThread "C1 CompilerThread0" daemon [_thread_blocked, id=5800, stack(0x000000d5cbe00000,0x000000d5cbf00000)]
  0x0000027c1a89f800 JavaThread "Sweeper thread" daemon [_thread_blocked, id=6116, stack(0x000000d5cbf00000,0x000000d5cc000000)]
  0x0000027c1a99e800 JavaThread "Common-Cleaner" daemon [_thread_blocked, id=6544, stack(0x000000d5cc000000,0x000000d5cc100000)]
  0x0000027c1bd4e800 JavaThread "Daemon health stats" [_thread_blocked, id=4564, stack(0x000000d5cc300000,0x000000d5cc400000)]
  0x0000027c1b589800 JavaThread "Incoming local TCP Connector on port 50306" [_thread_in_native, id=3372, stack(0x000000d5cc400000,0x000000d5cc500000)]
  0x0000027c1b9d4000 JavaThread "Daemon periodic checks" [_thread_blocked, id=6704, stack(0x000000d5cc500000,0x000000d5cc600000)]
  0x0000027c1c33d000 JavaThread "Cache worker for journal cache (C:\Users\Adm\.gradle\caches\journal-1)" [_thread_blocked, id=10860, stack(0x000000d5ccd00000,0x000000d5cce00000)]
  0x0000027c1c338000 JavaThread "File lock request listener" [_thread_in_native, id=196, stack(0x000000d5cce00000,0x000000d5ccf00000)]
  0x0000027c1c339000 JavaThread "Cache worker for file hash cache (C:\Users\Adm\.gradle\caches\7.4\fileHashes)" [_thread_blocked, id=7644, stack(0x000000d5ccf00000,0x000000d5cd000000)]
  0x0000027c1c33c000 JavaThread "File watcher server" daemon [_thread_in_native, id=5096, stack(0x000000d5cd000000,0x000000d5cd100000)]
  0x0000027c1c33b800 JavaThread "File watcher consumer" daemon [_thread_blocked, id=9744, stack(0x000000d5cd100000,0x000000d5cd200000)]
  0x0000027c1eade000 JavaThread "Cache worker for execution history cache (C:\Users\Adm\.gradle\caches\7.4\executionHistory)" [_thread_blocked, id=11928, stack(0x000000d5cd600000,0x000000d5cd700000)]
  0x0000027c1eadf000 JavaThread "jar transforms" [_thread_blocked, id=11796, stack(0x000000d5cd700000,0x000000d5cd800000)]
  0x0000027c1eae2000 JavaThread "Cache worker for file content cache (C:\Users\Adm\.gradle\caches\7.4\fileContent)" [_thread_blocked, id=5560, stack(0x000000d5cd800000,0x000000d5cd900000)]
  0x0000027c1eae0800 JavaThread "jar transforms Thread 2" [_thread_blocked, id=11904, stack(0x000000d5cd900000,0x000000d5cda00000)]
  0x0000027c1f1ab000 JavaThread "Memory manager" [_thread_blocked, id=7160, stack(0x000000d5cf000000,0x000000d5cf100000)]
  0x0000027c1f1a7800 JavaThread "pool-3-thread-1" [_thread_blocked, id=8252, stack(0x000000d5cf200000,0x000000d5cf300000)]
  0x0000027c25ce0000 JavaThread "pool-7-thread-1" [_thread_blocked, id=5564, stack(0x000000d5cee00000,0x000000d5cef00000)]
  0x0000027c25ce6800 JavaThread "Cache worker for Java compile cache (C:\Users\Adm\.gradle\caches\7.4\javaCompile)" [_thread_blocked, id=9048, stack(0x000000d5cfb00000,0x000000d5cfc00000)]
  0x0000027c25ceb800 JavaThread "ForkJoinPool.commonPool-worker-3" daemon [_thread_blocked, id=236, stack(0x000000d5cff00000,0x000000d5d0000000)]
  0x0000027c25ce3800 JavaThread "Daemon Thread 3" [_thread_blocked, id=3492, stack(0x000000d5cae00000,0x000000d5caf00000)]
  0x0000027c25cde000 JavaThread "Handler for socket connection from /127.0.0.1:50306 to /127.0.0.1:52195" [_thread_in_native, id=11728, stack(0x000000d5caf00000,0x000000d5cb000000)]
  0x0000027c25cde800 JavaThread "Cancel handler" [_thread_blocked, id=11396, stack(0x000000d5cb000000,0x000000d5cb100000)]
  0x0000027c25ce4800 JavaThread "Daemon worker Thread 3" [_thread_blocked, id=11204, stack(0x000000d5cc600000,0x000000d5cc700000)]
  0x0000027c25ce5000 JavaThread "Asynchronous log dispatcher for DefaultDaemonConnection: socket connection from /127.0.0.1:50306 to /127.0.0.1:52195" [_thread_blocked, id=6156, stack(0x000000d5cc700000,0x000000d5cc800000)]
  0x0000027c25cdf800 JavaThread "Stdin handler" [_thread_blocked, id=8972, stack(0x000000d5cc800000,0x000000d5cc900000)]
  0x0000027c25ce6000 JavaThread "Daemon client event forwarder" [_thread_blocked, id=10364, stack(0x000000d5cc900000,0x000000d5cca00000)]
  0x0000027c25ce1000 JavaThread "Cache worker for checksums cache (C:\Users\Adm\AndroidStudioProjects\ControleDePonto\.gradle\7.4\checksums)" [_thread_blocked, id=8088, stack(0x000000d5cca00000,0x000000d5ccb00000)]
  0x0000027c25ce2800 JavaThread "Cache worker for cache directory md-rule (C:\Users\Adm\.gradle\caches\7.4\md-rule)" [_thread_blocked, id=9608, stack(0x000000d5ccb00000,0x000000d5ccc00000)]
  0x0000027c25ce7800 JavaThread "Cache worker for file hash cache (C:\Users\Adm\AndroidStudioProjects\ControleDePonto\.gradle\7.4\fileHashes)" [_thread_blocked, id=6604, stack(0x000000d5ccc00000,0x000000d5ccd00000)]
  0x0000027c25ce2000 JavaThread "Cache worker for cache directory md-supplier (C:\Users\Adm\.gradle\caches\7.4\md-supplier)" [_thread_blocked, id=6744, stack(0x000000d5cd200000,0x000000d5cd300000)]
  0x0000027c25ce9000 JavaThread "Cache worker for dependencies-accessors (C:\Users\Adm\AndroidStudioProjects\ControleDePonto\.gradle\7.4\dependencies-accessors)" [_thread_blocked, id=8632, stack(0x000000d5cd300000,0x000000d5cd400000)]
  0x0000027c25ce8800 JavaThread "Cache worker for Build Output Cleanup Cache (C:\Users\Adm\AndroidStudioProjects\ControleDePonto\.gradle\buildOutputCleanup)" [_thread_blocked, id=7696, stack(0x000000d5cd400000,0x000000d5cd500000)]
  0x0000027c25cec800 JavaThread "Unconstrained build operations" [_thread_blocked, id=2412, stack(0x000000d5cd500000,0x000000d5cd600000)]
  0x0000027c25cea000 JavaThread "Unconstrained build operations Thread 2" [_thread_blocked, id=6712, stack(0x000000d5cda00000,0x000000d5cdb00000)]
  0x0000027c25ceb000 JavaThread "Unconstrained build operations Thread 3" [_thread_blocked, id=1808, stack(0x000000d5cdb00000,0x000000d5cdc00000)]
  0x0000027c1f1a6000 JavaThread "Unconstrained build operations Thread 4" [_thread_blocked, id=10320, stack(0x000000d5cdc00000,0x000000d5cdd00000)]
  0x0000027c1f1aa000 JavaThread "Unconstrained build operations Thread 5" [_thread_blocked, id=9052, stack(0x000000d5cdd00000,0x000000d5cde00000)]
  0x0000027c1f1a5000 JavaThread "Unconstrained build operations Thread 6" [_thread_blocked, id=10468, stack(0x000000d5cde00000,0x000000d5cdf00000)]
  0x0000027c1f1ab800 JavaThread "Unconstrained build operations Thread 7" [_thread_blocked, id=6500, stack(0x000000d5cdf00000,0x000000d5ce000000)]
  0x0000027c1f1ac800 JavaThread "Unconstrained build operations Thread 8" [_thread_blocked, id=11824, stack(0x000000d5ce000000,0x000000d5ce100000)]
  0x0000027c1f1a7000 JavaThread "Unconstrained build operations Thread 9" [_thread_blocked, id=11876, stack(0x000000d5ce100000,0x000000d5ce200000)]
  0x0000027c1f1ad800 JavaThread "Unconstrained build operations Thread 10" [_thread_blocked, id=8284, stack(0x000000d5ce200000,0x000000d5ce300000)]
  0x0000027c1f1ae000 JavaThread "Unconstrained build operations Thread 11" [_thread_blocked, id=10656, stack(0x000000d5ce300000,0x000000d5ce400000)]
  0x0000027c1f1a8800 JavaThread "Unconstrained build operations Thread 12" [_thread_blocked, id=7028, stack(0x000000d5ce400000,0x000000d5ce500000)]
  0x0000027c1f1af000 JavaThread "Unconstrained build operations Thread 13" [_thread_blocked, id=8160, stack(0x000000d5ce500000,0x000000d5ce600000)]
  0x0000027c1f1a9800 JavaThread "Unconstrained build operations Thread 14" [_thread_blocked, id=12028, stack(0x000000d5ce600000,0x000000d5ce700000)]
  0x0000027c1f1b0000 JavaThread "Unconstrained build operations Thread 15" [_thread_blocked, id=11280, stack(0x000000d5ce700000,0x000000d5ce800000)]
  0x0000027c1f1b2800 JavaThread "Unconstrained build operations Thread 16" [_thread_blocked, id=2524, stack(0x000000d5ce800000,0x000000d5ce900000)]
  0x0000027c1f1b0800 JavaThread "Unconstrained build operations Thread 17" [_thread_blocked, id=2592, stack(0x000000d5ce900000,0x000000d5cea00000)]
  0x0000027c1f1b3000 JavaThread "Unconstrained build operations Thread 18" [_thread_blocked, id=9588, stack(0x000000d5cea00000,0x000000d5ceb00000)]
  0x0000027c1f1b1800 JavaThread "Unconstrained build operations Thread 19" [_thread_blocked, id=11512, stack(0x000000d5ceb00000,0x000000d5cec00000)]
  0x0000027c1f1b4000 JavaThread "Unconstrained build operations Thread 20" [_thread_blocked, id=8020, stack(0x000000d5cec00000,0x000000d5ced00000)]
  0x0000027c1eae1000 JavaThread "build event listener" [_thread_blocked, id=1616, stack(0x000000d5ced00000,0x000000d5cee00000)]
  0x0000027c1eadc800 JavaThread "pool-12-thread-1" [_thread_blocked, id=8332, stack(0x000000d5cef00000,0x000000d5cf000000)]
  0x0000027c1eae3000 JavaThread "build event listener" [_thread_blocked, id=4780, stack(0x000000d5cf100000,0x000000d5cf200000)]
  0x0000027c1eadd000 JavaThread "included builds" [_thread_blocked, id=5992, stack(0x000000d5cf300000,0x000000d5cf400000)]
  0x0000027c1eae9800 JavaThread "Execution worker for ':'" [_thread_blocked, id=3336, stack(0x000000d5cf400000,0x000000d5cf500000)]
  0x0000027c1eae3800 JavaThread "Cache worker for execution history cache (C:\Users\Adm\AndroidStudioProjects\ControleDePonto\.gradle\7.4\executionHistory)" [_thread_blocked, id=6996, stack(0x000000d5cf500000,0x000000d5cf600000)]
  0x0000027c1eae5800 JavaThread "Build operations" [_thread_blocked, id=5968, stack(0x000000d5cf600000,0x000000d5cf700000)]
  0x0000027c1eaea000 JavaThread "Build operations Thread 2" [_thread_blocked, id=4464, stack(0x000000d5cf700000,0x000000d5cf800000)]
  0x0000027c1eae7000 JavaThread "WorkerExecutor Queue" [_thread_in_native, id=6496, stack(0x000000d5cf800000,0x000000d5cf900000)]
  0x0000027c1eae6000 JavaThread "WorkerExecutor Queue Thread 2" [_thread_blocked, id=3096, stack(0x000000d5cf900000,0x000000d5cfa00000)]
  0x0000027c1eae7800 JavaThread "WorkerExecutor Queue Thread 3" [_thread_blocked, id=8948, stack(0x000000d5cfa00000,0x000000d5cfb00000)]

Other Threads:
  0x0000027c19e97000 VMThread "VM Thread" [stack: 0x000000d5cb700000,0x000000d5cb800000] [id=2736]
  0x0000027c1a9b4000 WatcherThread [stack: 0x000000d5cc100000,0x000000d5cc200000] [id=8828]
  0x0000027c7ced3000 GCTaskThread "GC Thread#0" [stack: 0x000000d5cb200000,0x000000d5cb300000] [id=2292]
  0x0000027c1aaba800 GCTaskThread "GC Thread#1" [stack: 0x000000d5cc200000,0x000000d5cc300000] [id=2220]
  0x0000027c7cf04000 ConcurrentGCThread "G1 Main Marker" [stack: 0x000000d5cb300000,0x000000d5cb400000] [id=7180]
  0x0000027c7cf06000 ConcurrentGCThread "G1 Conc#0" [stack: 0x000000d5cb400000,0x000000d5cb500000] [id=2260]
  0x0000027c19ce6800 ConcurrentGCThread "G1 Refine#0" [stack: 0x000000d5cb500000,0x000000d5cb600000] [id=10728]
  0x0000027c19ce9000 ConcurrentGCThread "G1 Young RemSet Sampling" [stack: 0x000000d5cb600000,0x000000d5cb700000] [id=7144]

Threads with active compile tasks:
C2 CompilerThread03651496 19732       4       org.gradle.internal.fingerprint.impl.DefaultCurrentFileCollectionFingerprint::from (96 bytes)
C1 CompilerThread03651496 19769       3       com.android.tools.r8.utils.j$a::a (15 bytes)

VM state:not at safepoint (normal execution)

VM Mutex/Monitor currently owned by a thread:  ([mutex/lock_event])
[0x0000027c7cd3aaa0] Heap_lock - owner thread: 0x0000027c1eae7800

Heap address: 0x0000000080000000, size: 2048 MB, Compressed Oops mode: 32-bit
Narrow klass base: 0x0000000000000000, Narrow klass shift: 3
Compressed class space size: 1073741824 Address: 0x0000000100000000

Heap:
 garbage-first heap   total 225280K, used 115712K [0x0000000080000000, 0x0000000100000000)
  region size 1024K, 3 young (3072K), 2 survivors (2048K)
 Metaspace       used 127482K, capacity 130799K, committed 131024K, reserved 1163264K
  class space    used 15664K, capacity 16913K, committed 17024K, reserved 1048576K
Heap Regions: E=young(eden), S=young(survivor), O=old, HS=humongous(starts), HC=humongous(continues), CS=collection set, F=free, A=archive, TAMS=top-at-mark-start (previous, next)
|   0|0x0000000080000000, 0x0000000080100000, 0x0000000080100000|100%| O|  |TAMS 0x0000000080100000, 0x0000000080000000| Untracked 
|   1|0x0000000080100000, 0x0000000080200000, 0x0000000080200000|100%| O|  |TAMS 0x0000000080200000, 0x0000000080100000| Untracked 
|   2|0x0000000080200000, 0x0000000080300000, 0x0000000080300000|100%| O|  |TAMS 0x0000000080300000, 0x0000000080200000| Untracked 
|   3|0x0000000080300000, 0x0000000080400000, 0x0000000080400000|100%| O|  |TAMS 0x0000000080400000, 0x0000000080300000| Untracked 
|   4|0x0000000080400000, 0x0000000080500000, 0x0000000080500000|100%|HS|  |TAMS 0x0000000080500000, 0x0000000080400000| Complete 
|   5|0x0000000080500000, 0x0000000080600000, 0x0000000080600000|100%|HC|  |TAMS 0x0000000080600000, 0x0000000080500000| Complete 
|   6|0x0000000080600000, 0x0000000080700000, 0x0000000080700000|100%|HC|  |TAMS 0x0000000080700000, 0x0000000080600000| Complete 
|   7|0x0000000080700000, 0x0000000080800000, 0x0000000080800000|100%| O|  |TAMS 0x0000000080800000, 0x0000000080700000| Untracked 
|   8|0x0000000080800000, 0x0000000080900000, 0x0000000080900000|100%| O|  |TAMS 0x0000000080900000, 0x0000000080800000| Untracked 
|   9|0x0000000080900000, 0x0000000080a00000, 0x0000000080a00000|100%| O|  |TAMS 0x0000000080975200, 0x0000000080900000| Untracked 
|  10|0x0000000080a00000, 0x0000000080b00000, 0x0000000080b00000|100%| O|  |TAMS 0x0000000080a00000, 0x0000000080a00000| Untracked 
|  11|0x0000000080b00000, 0x0000000080c00000, 0x0000000080c00000|100%| O|  |TAMS 0x0000000080c00000, 0x0000000080b00000| Untracked 
|  12|0x0000000080c00000, 0x0000000080d00000, 0x0000000080d00000|100%| O|  |TAMS 0x0000000080d00000, 0x0000000080c00000| Untracked 
|  13|0x0000000080d00000, 0x0000000080e00000, 0x0000000080e00000|100%| O|  |TAMS 0x0000000080e00000, 0x0000000080d00000| Untracked 
|  14|0x0000000080e00000, 0x0000000080f00000, 0x0000000080f00000|100%| O|  |TAMS 0x0000000080f00000, 0x0000000080e00000| Untracked 
|  15|0x0000000080f00000, 0x0000000081000000, 0x0000000081000000|100%| O|  |TAMS 0x0000000081000000, 0x0000000080f00000| Untracked 
|  16|0x0000000081000000, 0x0000000081100000, 0x0000000081100000|100%| O|  |TAMS 0x0000000081100000, 0x0000000081000000| Untracked 
|  17|0x0000000081100000, 0x0000000081200000, 0x0000000081200000|100%|HS|  |TAMS 0x0000000081200000, 0x0000000081100000| Complete 
|  18|0x0000000081200000, 0x0000000081300000, 0x0000000081300000|100%| O|  |TAMS 0x0000000081300000, 0x0000000081200000| Untracked 
|  19|0x0000000081300000, 0x0000000081400000, 0x0000000081400000|100%| O|  |TAMS 0x0000000081400000, 0x0000000081300000| Untracked 
|  20|0x0000000081400000, 0x0000000081500000, 0x0000000081500000|100%| O|  |TAMS 0x0000000081500000, 0x0000000081400000| Untracked 
|  21|0x0000000081500000, 0x0000000081600000, 0x0000000081600000|100%| O|  |TAMS 0x0000000081600000, 0x0000000081500000| Untracked 
|  22|0x0000000081600000, 0x0000000081700000, 0x0000000081700000|100%| O|  |TAMS 0x0000000081700000, 0x0000000081600000| Untracked 
|  23|0x0000000081700000, 0x0000000081800000, 0x0000000081800000|100%| O|  |TAMS 0x0000000081800000, 0x0000000081700000| Untracked 
|  24|0x0000000081800000, 0x0000000081900000, 0x0000000081900000|100%|HS|  |TAMS 0x0000000081900000, 0x0000000081800000| Complete 
|  25|0x0000000081900000, 0x0000000081a00000, 0x0000000081a00000|100%| O|  |TAMS 0x0000000081a00000, 0x0000000081900000| Untracked 
|  26|0x0000000081a00000, 0x0000000081b00000, 0x0000000081b00000|100%|HS|  |TAMS 0x0000000081b00000, 0x0000000081a00000| Complete 
|  27|0x0000000081b00000, 0x0000000081c00000, 0x0000000081c00000|100%|HC|  |TAMS 0x0000000081c00000, 0x0000000081b00000| Complete 
|  28|0x0000000081c00000, 0x0000000081d00000, 0x0000000081d00000|100%| O|  |TAMS 0x0000000081d00000, 0x0000000081c00000| Untracked 
|  29|0x0000000081d00000, 0x0000000081e00000, 0x0000000081e00000|100%| O|  |TAMS 0x0000000081e00000, 0x0000000081d00000| Untracked 
|  30|0x0000000081e00000, 0x0000000081f00000, 0x0000000081f00000|100%| O|  |TAMS 0x0000000081f00000, 0x0000000081e00000| Untracked 
|  31|0x0000000081f00000, 0x0000000082000000, 0x0000000082000000|100%|HS|  |TAMS 0x0000000081f00000, 0x0000000081f00000| Complete 
|  32|0x0000000082000000, 0x0000000082100000, 0x0000000082100000|100%|HC|  |TAMS 0x0000000082000000, 0x0000000082000000| Complete 
|  33|0x0000000082100000, 0x0000000082200000, 0x0000000082200000|100%| O|  |TAMS 0x0000000082200000, 0x0000000082100000| Untracked 
|  34|0x0000000082200000, 0x0000000082300000, 0x0000000082300000|100%| O|  |TAMS 0x0000000082300000, 0x0000000082200000| Untracked 
|  35|0x0000000082300000, 0x0000000082400000, 0x0000000082400000|100%| O|  |TAMS 0x0000000082300000, 0x0000000082300000| Untracked 
|  36|0x0000000082400000, 0x0000000082500000, 0x0000000082500000|100%| O|  |TAMS 0x0000000082500000, 0x0000000082400000| Untracked 
|  37|0x0000000082500000, 0x0000000082600000, 0x0000000082600000|100%| O|  |TAMS 0x0000000082600000, 0x0000000082500000| Untracked 
|  38|0x0000000082600000, 0x0000000082700000, 0x0000000082700000|100%| O|  |TAMS 0x0000000082700000, 0x0000000082600000| Untracked 
|  39|0x0000000082700000, 0x0000000082800000, 0x0000000082800000|100%| O|  |TAMS 0x0000000082800000, 0x0000000082700000| Untracked 
|  40|0x0000000082800000, 0x0000000082900000, 0x0000000082900000|100%| O|  |TAMS 0x0000000082900000, 0x0000000082800000| Untracked 
|  41|0x0000000082900000, 0x0000000082a00000, 0x0000000082a00000|100%| O|  |TAMS 0x0000000082a00000, 0x0000000082900000| Untracked 
|  42|0x0000000082a00000, 0x0000000082b00000, 0x0000000082b00000|100%| O|  |TAMS 0x0000000082b00000, 0x0000000082a00000| Untracked 
|  43|0x0000000082b00000, 0x0000000082c00000, 0x0000000082c00000|100%| O|  |TAMS 0x0000000082c00000, 0x0000000082b00000| Untracked 
|  44|0x0000000082c00000, 0x0000000082d00000, 0x0000000082d00000|100%| O|  |TAMS 0x0000000082d00000, 0x0000000082c00000| Untracked 
|  45|0x0000000082d00000, 0x0000000082e00000, 0x0000000082e00000|100%| O|  |TAMS 0x0000000082e00000, 0x0000000082d00000| Untracked 
|  46|0x0000000082e00000, 0x0000000082f00000, 0x0000000082f00000|100%| O|  |TAMS 0x0000000082f00000, 0x0000000082e00000| Untracked 
|  47|0x0000000082f00000, 0x0000000083000000, 0x0000000083000000|100%| O|  |TAMS 0x0000000083000000, 0x0000000082f00000| Untracked 
|  48|0x0000000083000000, 0x0000000083100000, 0x0000000083100000|100%| O|  |TAMS 0x0000000083100000, 0x0000000083000000| Untracked 
|  49|0x0000000083100000, 0x0000000083200000, 0x0000000083200000|100%| O|  |TAMS 0x0000000083200000, 0x0000000083100000| Untracked 
|  50|0x0000000083200000, 0x0000000083300000, 0x0000000083300000|100%| O|  |TAMS 0x0000000083300000, 0x0000000083200000| Untracked 
|  51|0x0000000083300000, 0x0000000083400000, 0x0000000083400000|100%| O|  |TAMS 0x0000000083400000, 0x0000000083300000| Untracked 
|  52|0x0000000083400000, 0x0000000083500000, 0x0000000083500000|100%| O|  |TAMS 0x0000000083500000, 0x0000000083400000| Untracked 
|  53|0x0000000083500000, 0x0000000083500000, 0x0000000083600000|  0%| F|  |TAMS 0x0000000083500000, 0x0000000083500000| Untracked 
|  54|0x0000000083600000, 0x0000000083700000, 0x0000000083700000|100%| O|  |TAMS 0x0000000083700000, 0x0000000083600000| Untracked 
|  55|0x0000000083700000, 0x0000000083700000, 0x0000000083800000|  0%| F|  |TAMS 0x0000000083700000, 0x0000000083700000| Untracked 
|  56|0x0000000083800000, 0x0000000083900000, 0x0000000083900000|100%| O|  |TAMS 0x0000000083900000, 0x0000000083800000| Untracked 
|  57|0x0000000083900000, 0x0000000083a00000, 0x0000000083a00000|100%| O|  |TAMS 0x0000000083a00000, 0x0000000083900000| Untracked 
|  58|0x0000000083a00000, 0x0000000083b00000, 0x0000000083b00000|100%| O|  |TAMS 0x0000000083b00000, 0x0000000083a00000| Untracked 
|  59|0x0000000083b00000, 0x0000000083c00000, 0x0000000083c00000|100%| O|  |TAMS 0x0000000083c00000, 0x0000000083b00000| Untracked 
|  60|0x0000000083c00000, 0x0000000083d00000, 0x0000000083d00000|100%| O|  |TAMS 0x0000000083d00000, 0x0000000083c00000| Untracked 
|  61|0x0000000083d00000, 0x0000000083e00000, 0x0000000083e00000|100%| O|  |TAMS 0x0000000083e00000, 0x0000000083d00000| Untracked 
|  62|0x0000000083e00000, 0x0000000083f00000, 0x0000000083f00000|100%| O|  |TAMS 0x0000000083f00000, 0x0000000083e00000| Untracked 
|  63|0x0000000083f00000, 0x0000000083f00000, 0x0000000084000000|  0%| F|  |TAMS 0x0000000083f00000, 0x0000000083f00000| Untracked 
|  64|0x0000000084000000, 0x0000000084100000, 0x0000000084100000|100%| O|  |TAMS 0x0000000084100000, 0x0000000084000000| Untracked 
|  65|0x0000000084100000, 0x0000000084200000, 0x0000000084200000|100%| O|  |TAMS 0x0000000084200000, 0x0000000084100000| Untracked 
|  66|0x0000000084200000, 0x0000000084300000, 0x0000000084300000|100%| O|  |TAMS 0x0000000084300000, 0x0000000084200000| Untracked 
|  67|0x0000000084300000, 0x0000000084400000, 0x0000000084400000|100%| O|  |TAMS 0x0000000084400000, 0x0000000084300000| Untracked 
|  68|0x0000000084400000, 0x0000000084500000, 0x0000000084500000|100%| O|  |TAMS 0x0000000084500000, 0x0000000084400000| Untracked 
|  69|0x0000000084500000, 0x0000000084500000, 0x0000000084600000|  0%| F|  |TAMS 0x0000000084500000, 0x0000000084500000| Untracked 
|  70|0x0000000084600000, 0x0000000084700000, 0x0000000084700000|100%| O|  |TAMS 0x0000000084700000, 0x0000000084600000| Untracked 
|  71|0x0000000084700000, 0x0000000084800000, 0x0000000084800000|100%| O|  |TAMS 0x0000000084800000, 0x0000000084700000| Untracked 
|  72|0x0000000084800000, 0x0000000084900000, 0x0000000084900000|100%| O|  |TAMS 0x0000000084900000, 0x0000000084800000| Untracked 
|  73|0x0000000084900000, 0x0000000084a00000, 0x0000000084a00000|100%| O|  |TAMS 0x0000000084a00000, 0x0000000084900000| Untracked 
|  74|0x0000000084a00000, 0x0000000084b00000, 0x0000000084b00000|100%| O|  |TAMS 0x0000000084b00000, 0x0000000084a00000| Untracked 
|  75|0x0000000084b00000, 0x0000000084c00000, 0x0000000084c00000|100%| O|  |TAMS 0x0000000084c00000, 0x0000000084b00000| Untracked 
|  76|0x0000000084c00000, 0x0000000084c00000, 0x0000000084d00000|  0%| F|  |TAMS 0x0000000084c00000, 0x0000000084c00000| Untracked 
|  77|0x0000000084d00000, 0x0000000084e00000, 0x0000000084e00000|100%| O|  |TAMS 0x0000000084e00000, 0x0000000084d00000| Untracked 
|  78|0x0000000084e00000, 0x0000000084f00000, 0x0000000084f00000|100%| O|  |TAMS 0x0000000084f00000, 0x0000000084e00000| Untracked 
|  79|0x0000000084f00000, 0x0000000085000000, 0x0000000085000000|100%| O|  |TAMS 0x0000000084f00000, 0x0000000084f00000| Untracked 
|  80|0x0000000085000000, 0x0000000085100000, 0x0000000085100000|100%| O|  |TAMS 0x0000000085000000, 0x0000000085000000| Untracked 
|  81|0x0000000085100000, 0x0000000085200000, 0x0000000085200000|100%| O|  |TAMS 0x0000000085200000, 0x0000000085100000| Untracked 
|  82|0x0000000085200000, 0x0000000085300000, 0x0000000085300000|100%| O|  |TAMS 0x0000000085300000, 0x0000000085200000| Untracked 
|  83|0x0000000085300000, 0x0000000085400000, 0x0000000085400000|100%| O|  |TAMS 0x0000000085400000, 0x0000000085300000| Untracked 
|  84|0x0000000085400000, 0x0000000085500000, 0x0000000085500000|100%| O|  |TAMS 0x0000000085500000, 0x0000000085400000| Untracked 
|  85|0x0000000085500000, 0x0000000085600000, 0x0000000085600000|100%| O|  |TAMS 0x0000000085600000, 0x0000000085500000| Untracked 
|  86|0x0000000085600000, 0x0000000085700000, 0x0000000085700000|100%| O|  |TAMS 0x0000000085600000, 0x0000000085600000| Untracked 
|  87|0x0000000085700000, 0x0000000085700000, 0x0000000085800000|  0%| F|  |TAMS 0x0000000085700000, 0x0000000085700000| Untracked 
|  88|0x0000000085800000, 0x0000000085900000, 0x0000000085900000|100%| O|  |TAMS 0x0000000085900000, 0x0000000085800000| Untracked 
|  89|0x0000000085900000, 0x0000000085a00000, 0x0000000085a00000|100%| O|  |TAMS 0x0000000085a00000, 0x0000000085900000| Untracked 
|  90|0x0000000085a00000, 0x0000000085b00000, 0x0000000085b00000|100%| O|  |TAMS 0x0000000085b00000, 0x0000000085a00000| Untracked 
|  91|0x0000000085b00000, 0x0000000085c00000, 0x0000000085c00000|100%| O|  |TAMS 0x0000000085c00000, 0x0000000085b00000| Untracked 
|  92|0x0000000085c00000, 0x0000000085d00000, 0x0000000085d00000|100%| O|  |TAMS 0x0000000085d00000, 0x0000000085c00000| Untracked 
|  93|0x0000000085d00000, 0x0000000085e00000, 0x0000000085e00000|100%| O|  |TAMS 0x0000000085d00000, 0x0000000085d00000| Untracked 
|  94|0x0000000085e00000, 0x0000000085f00000, 0x0000000085f00000|100%| O|  |TAMS 0x0000000085e00000, 0x0000000085e00000| Untracked 
|  95|0x0000000085f00000, 0x0000000086000000, 0x0000000086000000|100%| O|  |TAMS 0x0000000085f00000, 0x0000000085f00000| Untracked 
|  96|0x0000000086000000, 0x0000000086100000, 0x0000000086100000|100%| O|  |TAMS 0x0000000086100000, 0x0000000086000000| Untracked 
|  97|0x0000000086100000, 0x0000000086200000, 0x0000000086200000|100%| O|  |TAMS 0x0000000086200000, 0x0000000086100000| Untracked 
|  98|0x0000000086200000, 0x0000000086300000, 0x0000000086300000|100%| O|  |TAMS 0x0000000086300000, 0x0000000086200000| Untracked 
|  99|0x0000000086300000, 0x0000000086300000, 0x0000000086400000|  0%| F|  |TAMS 0x0000000086300000, 0x0000000086300000| Untracked 
| 100|0x0000000086400000, 0x0000000086400000, 0x0000000086500000|  0%| F|  |TAMS 0x0000000086400000, 0x0000000086400000| Untracked 
| 101|0x0000000086500000, 0x0000000086500000, 0x0000000086600000|  0%| F|  |TAMS 0x0000000086500000, 0x0000000086500000| Untracked 
| 102|0x0000000086600000, 0x0000000086600000, 0x0000000086700000|  0%| F|  |TAMS 0x0000000086600000, 0x0000000086600000| Untracked 
| 103|0x0000000086700000, 0x0000000086700000, 0x0000000086800000|  0%| F|  |TAMS 0x0000000086700000, 0x0000000086700000| Untracked 
| 104|0x0000000086800000, 0x0000000086900000, 0x0000000086900000|100%| O|  |TAMS 0x0000000086800000, 0x0000000086800000| Untracked 
| 105|0x0000000086900000, 0x0000000086900000, 0x0000000086a00000|  0%| F|  |TAMS 0x0000000086900000, 0x0000000086900000| Untracked 
| 106|0x0000000086a00000, 0x0000000086b00000, 0x0000000086b00000|100%| O|  |TAMS 0x0000000086a00000, 0x0000000086a00000| Untracked 
| 107|0x0000000086b00000, 0x0000000086b00000, 0x0000000086c00000|  0%| F|  |TAMS 0x0000000086b00000, 0x0000000086b00000| Untracked 
| 108|0x0000000086c00000, 0x0000000086d00000, 0x0000000086d00000|100%| O|  |TAMS 0x0000000086c00000, 0x0000000086c00000| Untracked 
| 109|0x0000000086d00000, 0x0000000086e00000, 0x0000000086e00000|100%| O|  |TAMS 0x0000000086d00000, 0x0000000086d00000| Untracked 
| 110|0x0000000086e00000, 0x0000000086f00000, 0x0000000086f00000|100%| O|  |TAMS 0x0000000086f00000, 0x0000000086e00000| Untracked 
| 111|0x0000000086f00000, 0x0000000087000000, 0x0000000087000000|100%| O|  |TAMS 0x0000000087000000, 0x0000000086f00000| Untracked 
| 112|0x0000000087000000, 0x0000000087100000, 0x0000000087100000|100%| O|  |TAMS 0x0000000087100000, 0x0000000087000000| Untracked 
| 113|0x0000000087100000, 0x0000000087100000, 0x0000000087200000|  0%| F|  |TAMS 0x0000000087100000, 0x0000000087100000| Untracked 
| 114|0x0000000087200000, 0x0000000087300000, 0x0000000087300000|100%| O|  |TAMS 0x0000000087300000, 0x0000000087200000| Untracked 
| 115|0x0000000087300000, 0x0000000087400000, 0x0000000087400000|100%| O|  |TAMS 0x0000000087400000, 0x0000000087300000| Untracked 
| 116|0x0000000087400000, 0x0000000087500000, 0x0000000087500000|100%| O|  |TAMS 0x0000000087500000, 0x0000000087400000| Untracked 
| 117|0x0000000087500000, 0x0000000087600000, 0x0000000087600000|100%| O|  |TAMS 0x0000000087600000, 0x0000000087500000| Untracked 
| 118|0x0000000087600000, 0x0000000087700000, 0x0000000087700000|100%| O|  |TAMS 0x0000000087600000, 0x0000000087600000| Untracked 
| 119|0x0000000087700000, 0x0000000087800000, 0x0000000087800000|100%| O|  |TAMS 0x0000000087700000, 0x0000000087700000| Untracked 
| 120|0x0000000087800000, 0x0000000087900000, 0x0000000087900000|100%| O|  |TAMS 0x0000000087900000, 0x0000000087800000| Untracked 
| 121|0x0000000087900000, 0x0000000087a00000, 0x0000000087a00000|100%| O|  |TAMS 0x0000000087a00000, 0x0000000087900000| Untracked 
| 122|0x0000000087a00000, 0x0000000087b00000, 0x0000000087b00000|100%| O|  |TAMS 0x0000000087a00000, 0x0000000087a00000| Untracked 
| 123|0x0000000087b00000, 0x0000000087c00000, 0x0000000087c00000|100%| O|  |TAMS 0x0000000087b00000, 0x0000000087b00000| Untracked 
| 124|0x0000000087c00000, 0x0000000087d00000, 0x0000000087d00000|100%| O|  |TAMS 0x0000000087c00000, 0x0000000087c00000| Untracked 
| 125|0x0000000087d00000, 0x0000000087d80000, 0x0000000087e00000| 50%| O|  |TAMS 0x0000000087d00000, 0x0000000087d00000| Untracked 
| 126|0x0000000087e00000, 0x0000000087e00000, 0x0000000087f00000|  0%| F|  |TAMS 0x0000000087e00000, 0x0000000087e00000| Untracked 
| 127|0x0000000087f00000, 0x0000000087f00000, 0x0000000088000000|  0%| F|  |TAMS 0x0000000087f00000, 0x0000000087f00000| Untracked 
| 128|0x0000000088000000, 0x0000000088000000, 0x0000000088100000|  0%| F|  |TAMS 0x0000000088000000, 0x0000000088000000| Untracked 
| 129|0x0000000088100000, 0x0000000088100000, 0x0000000088200000|  0%| F|  |TAMS 0x0000000088100000, 0x0000000088100000| Untracked 
| 130|0x0000000088200000, 0x0000000088200000, 0x0000000088300000|  0%| F|  |TAMS 0x0000000088200000, 0x0000000088200000| Untracked 
| 131|0x0000000088300000, 0x0000000088300000, 0x0000000088400000|  0%| F|  |TAMS 0x0000000088300000, 0x0000000088300000| Untracked 
| 132|0x0000000088400000, 0x0000000088400000, 0x0000000088500000|  0%| F|  |TAMS 0x0000000088400000, 0x0000000088400000| Untracked 
| 133|0x0000000088500000, 0x0000000088500000, 0x0000000088600000|  0%| F|  |TAMS 0x0000000088500000, 0x0000000088500000| Untracked 
| 134|0x0000000088600000, 0x0000000088600000, 0x0000000088700000|  0%| F|  |TAMS 0x0000000088600000, 0x0000000088600000| Untracked 
| 135|0x0000000088700000, 0x0000000088700000, 0x0000000088800000|  0%| F|  |TAMS 0x0000000088700000, 0x0000000088700000| Untracked 
| 136|0x0000000088800000, 0x0000000088800000, 0x0000000088900000|  0%| F|  |TAMS 0x0000000088800000, 0x0000000088800000| Untracked 
| 137|0x0000000088900000, 0x0000000088900000, 0x0000000088a00000|  0%| F|  |TAMS 0x0000000088900000, 0x0000000088900000| Untracked 
| 138|0x0000000088a00000, 0x0000000088a00000, 0x0000000088b00000|  0%| F|  |TAMS 0x0000000088a00000, 0x0000000088a00000| Untracked 
| 139|0x0000000088b00000, 0x0000000088b00000, 0x0000000088c00000|  0%| F|  |TAMS 0x0000000088b00000, 0x0000000088b00000| Untracked 
| 140|0x0000000088c00000, 0x0000000088c00000, 0x0000000088d00000|  0%| F|  |TAMS 0x0000000088c00000, 0x0000000088c00000| Untracked 
| 141|0x0000000088d00000, 0x0000000088d00000, 0x0000000088e00000|  0%| F|  |TAMS 0x0000000088d00000, 0x0000000088d00000| Untracked 
| 142|0x0000000088e00000, 0x0000000088e00000, 0x0000000088f00000|  0%| F|  |TAMS 0x0000000088e00000, 0x0000000088e00000| Untracked 
| 143|0x0000000088f00000, 0x0000000088f00000, 0x0000000089000000|  0%| F|  |TAMS 0x0000000088f00000, 0x0000000088f00000| Untracked 
| 144|0x0000000089000000, 0x0000000089000000, 0x0000000089100000|  0%| F|  |TAMS 0x0000000089000000, 0x0000000089000000| Untracked 
| 145|0x0000000089100000, 0x0000000089100000, 0x0000000089200000|  0%| F|  |TAMS 0x0000000089100000, 0x0000000089100000| Untracked 
| 146|0x0000000089200000, 0x0000000089200000, 0x0000000089300000|  0%| F|  |TAMS 0x0000000089200000, 0x0000000089200000| Untracked 
| 147|0x0000000089300000, 0x0000000089300000, 0x0000000089400000|  0%| F|  |TAMS 0x0000000089300000, 0x0000000089300000| Untracked 
| 148|0x0000000089400000, 0x0000000089400000, 0x0000000089500000|  0%| F|  |TAMS 0x0000000089400000, 0x0000000089400000| Untracked 
| 149|0x0000000089500000, 0x0000000089500000, 0x0000000089600000|  0%| F|  |TAMS 0x0000000089500000, 0x0000000089500000| Untracked 
| 150|0x0000000089600000, 0x0000000089600000, 0x0000000089700000|  0%| F|  |TAMS 0x0000000089600000, 0x0000000089600000| Untracked 
| 151|0x0000000089700000, 0x0000000089700000, 0x0000000089800000|  0%| F|  |TAMS 0x0000000089700000, 0x0000000089700000| Untracked 
| 152|0x0000000089800000, 0x0000000089800000, 0x0000000089900000|  0%| F|  |TAMS 0x0000000089800000, 0x0000000089800000| Untracked 
| 153|0x0000000089900000, 0x0000000089900000, 0x0000000089a00000|  0%| F|  |TAMS 0x0000000089900000, 0x0000000089900000| Untracked 
| 154|0x0000000089a00000, 0x0000000089a00000, 0x0000000089b00000|  0%| F|  |TAMS 0x0000000089a00000, 0x0000000089a00000| Untracked 
| 155|0x0000000089b00000, 0x0000000089b00000, 0x0000000089c00000|  0%| F|  |TAMS 0x0000000089b00000, 0x0000000089b00000| Untracked 
| 156|0x0000000089c00000, 0x0000000089c00000, 0x0000000089d00000|  0%| F|  |TAMS 0x0000000089c00000, 0x0000000089c00000| Untracked 
| 157|0x0000000089d00000, 0x0000000089d00000, 0x0000000089e00000|  0%| F|  |TAMS 0x0000000089d00000, 0x0000000089d00000| Untracked 
| 158|0x0000000089e00000, 0x0000000089e00000, 0x0000000089f00000|  0%| F|  |TAMS 0x0000000089e00000, 0x0000000089e00000| Untracked 
| 159|0x0000000089f00000, 0x0000000089f00000, 0x000000008a000000|  0%| F|  |TAMS 0x0000000089f00000, 0x0000000089f00000| Untracked 
| 160|0x000000008a000000, 0x000000008a000000, 0x000000008a100000|  0%| F|  |TAMS 0x000000008a000000, 0x000000008a000000| Untracked 
| 161|0x000000008a100000, 0x000000008a100000, 0x000000008a200000|  0%| F|  |TAMS 0x000000008a100000, 0x000000008a100000| Untracked 
| 162|0x000000008a200000, 0x000000008a200000, 0x000000008a300000|  0%| F|  |TAMS 0x000000008a200000, 0x000000008a200000| Untracked 
| 163|0x000000008a300000, 0x000000008a300000, 0x000000008a400000|  0%| F|  |TAMS 0x000000008a300000, 0x000000008a300000| Untracked 
| 164|0x000000008a400000, 0x000000008a400000, 0x000000008a500000|  0%| F|  |TAMS 0x000000008a400000, 0x000000008a400000| Untracked 
| 165|0x000000008a500000, 0x000000008a500000, 0x000000008a600000|  0%| F|  |TAMS 0x000000008a500000, 0x000000008a500000| Untracked 
| 166|0x000000008a600000, 0x000000008a600000, 0x000000008a700000|  0%| F|  |TAMS 0x000000008a600000, 0x000000008a600000| Untracked 
| 167|0x000000008a700000, 0x000000008a700000, 0x000000008a800000|  0%| F|  |TAMS 0x000000008a700000, 0x000000008a700000| Untracked 
| 168|0x000000008a800000, 0x000000008a800000, 0x000000008a900000|  0%| F|  |TAMS 0x000000008a800000, 0x000000008a800000| Untracked 
| 169|0x000000008a900000, 0x000000008a900000, 0x000000008aa00000|  0%| F|  |TAMS 0x000000008a900000, 0x000000008a900000| Untracked 
| 170|0x000000008aa00000, 0x000000008aa00000, 0x000000008ab00000|  0%| F|  |TAMS 0x000000008aa00000, 0x000000008aa00000| Untracked 
| 171|0x000000008ab00000, 0x000000008ab00000, 0x000000008ac00000|  0%| F|  |TAMS 0x000000008ab00000, 0x000000008ab00000| Untracked 
| 172|0x000000008ac00000, 0x000000008ac00000, 0x000000008ad00000|  0%| F|  |TAMS 0x000000008ac00000, 0x000000008ac00000| Untracked 
| 173|0x000000008ad00000, 0x000000008ad00000, 0x000000008ae00000|  0%| F|  |TAMS 0x000000008ad00000, 0x000000008ad00000| Untracked 
| 174|0x000000008ae00000, 0x000000008ae00000, 0x000000008af00000|  0%| F|  |TAMS 0x000000008ae00000, 0x000000008ae00000| Untracked 
| 175|0x000000008af00000, 0x000000008af00000, 0x000000008b000000|  0%| F|  |TAMS 0x000000008af00000, 0x000000008af00000| Untracked 
| 176|0x000000008b000000, 0x000000008b000000, 0x000000008b100000|  0%| F|  |TAMS 0x000000008b000000, 0x000000008b000000| Untracked 
| 177|0x000000008b100000, 0x000000008b100000, 0x000000008b200000|  0%| F|  |TAMS 0x000000008b100000, 0x000000008b100000| Untracked 
| 178|0x000000008b200000, 0x000000008b200000, 0x000000008b300000|  0%| F|  |TAMS 0x000000008b200000, 0x000000008b200000| Untracked 
| 179|0x000000008b300000, 0x000000008b300000, 0x000000008b400000|  0%| F|  |TAMS 0x000000008b300000, 0x000000008b300000| Untracked 
| 180|0x000000008b400000, 0x000000008b400000, 0x000000008b500000|  0%| F|  |TAMS 0x000000008b400000, 0x000000008b400000| Untracked 
| 181|0x000000008b500000, 0x000000008b500000, 0x000000008b600000|  0%| F|  |TAMS 0x000000008b500000, 0x000000008b500000| Untracked 
| 182|0x000000008b600000, 0x000000008b600000, 0x000000008b700000|  0%| F|  |TAMS 0x000000008b600000, 0x000000008b600000| Untracked 
| 183|0x000000008b700000, 0x000000008b700000, 0x000000008b800000|  0%| F|  |TAMS 0x000000008b700000, 0x000000008b700000| Untracked 
| 184|0x000000008b800000, 0x000000008b800000, 0x000000008b900000|  0%| F|  |TAMS 0x000000008b800000, 0x000000008b800000| Untracked 
| 185|0x000000008b900000, 0x000000008b900000, 0x000000008ba00000|  0%| F|  |TAMS 0x000000008b900000, 0x000000008b900000| Untracked 
| 186|0x000000008ba00000, 0x000000008ba00000, 0x000000008bb00000|  0%| F|  |TAMS 0x000000008ba00000, 0x000000008ba00000| Untracked 
| 187|0x000000008bb00000, 0x000000008bb00000, 0x000000008bc00000|  0%| F|  |TAMS 0x000000008bb00000, 0x000000008bb00000| Untracked 
| 188|0x000000008bc00000, 0x000000008bc00000, 0x000000008bd00000|  0%| F|  |TAMS 0x000000008bc00000, 0x000000008bc00000| Untracked 
| 189|0x000000008bd00000, 0x000000008bd00000, 0x000000008be00000|  0%| F|  |TAMS 0x000000008bd00000, 0x000000008bd00000| Untracked 
| 190|0x000000008be00000, 0x000000008be00000, 0x000000008bf00000|  0%| F|  |TAMS 0x000000008be00000, 0x000000008be00000| Untracked 
| 191|0x000000008bf00000, 0x000000008bf00000, 0x000000008c000000|  0%| F|  |TAMS 0x000000008bf00000, 0x000000008bf00000| Untracked 
| 192|0x000000008c000000, 0x000000008c000000, 0x000000008c100000|  0%| F|  |TAMS 0x000000008c000000, 0x000000008c000000| Untracked 
| 193|0x000000008c100000, 0x000000008c100000, 0x000000008c200000|  0%| F|  |TAMS 0x000000008c100000, 0x000000008c100000| Untracked 
| 194|0x000000008c200000, 0x000000008c200000, 0x000000008c300000|  0%| F|  |TAMS 0x000000008c200000, 0x000000008c200000| Untracked 
| 195|0x000000008c300000, 0x000000008c300000, 0x000000008c400000|  0%| F|  |TAMS 0x000000008c300000, 0x000000008c300000| Untracked 
| 196|0x000000008c400000, 0x000000008c400000, 0x000000008c500000|  0%| F|  |TAMS 0x000000008c400000, 0x000000008c400000| Untracked 
| 197|0x000000008c500000, 0x000000008c500000, 0x000000008c600000|  0%| F|  |TAMS 0x000000008c500000, 0x000000008c500000| Untracked 
| 198|0x000000008c600000, 0x000000008c600000, 0x000000008c700000|  0%| F|  |TAMS 0x000000008c600000, 0x000000008c600000| Untracked 
| 199|0x000000008c700000, 0x000000008c700000, 0x000000008c800000|  0%| F|  |TAMS 0x000000008c700000, 0x000000008c700000| Untracked 
| 200|0x000000008c800000, 0x000000008c800000, 0x000000008c900000|  0%| F|  |TAMS 0x000000008c800000, 0x000000008c800000| Untracked 
| 201|0x000000008c900000, 0x000000008c900000, 0x000000008ca00000|  0%| F|  |TAMS 0x000000008c900000, 0x000000008c900000| Untracked 
| 202|0x000000008ca00000, 0x000000008ca00000, 0x000000008cb00000|  0%| F|  |TAMS 0x000000008ca00000, 0x000000008ca00000| Untracked 
| 203|0x000000008cb00000, 0x000000008cb00000, 0x000000008cc00000|  0%| F|  |TAMS 0x000000008cb00000, 0x000000008cb00000| Untracked 
| 204|0x000000008cc00000, 0x000000008cc00000, 0x000000008cd00000|  0%| F|  |TAMS 0x000000008cc00000, 0x000000008cc00000| Untracked 
| 205|0x000000008cd00000, 0x000000008cd00000, 0x000000008ce00000|  0%| F|  |TAMS 0x000000008cd00000, 0x000000008cd00000| Untracked 
| 206|0x000000008ce00000, 0x000000008ce00000, 0x000000008cf00000|  0%| F|  |TAMS 0x000000008ce00000, 0x000000008ce00000| Untracked 
| 207|0x000000008cf00000, 0x000000008cf00000, 0x000000008d000000|  0%| F|  |TAMS 0x000000008cf00000, 0x000000008cf00000| Untracked 
| 208|0x000000008d000000, 0x000000008d000000, 0x000000008d100000|  0%| F|  |TAMS 0x000000008d000000, 0x000000008d000000| Untracked 
| 209|0x000000008d100000, 0x000000008d100000, 0x000000008d200000|  0%| F|  |TAMS 0x000000008d100000, 0x000000008d100000| Untracked 
| 210|0x000000008d200000, 0x000000008d200000, 0x000000008d300000|  0%| F|  |TAMS 0x000000008d200000, 0x000000008d200000| Untracked 
| 211|0x000000008d300000, 0x000000008d300000, 0x000000008d400000|  0%| F|  |TAMS 0x000000008d300000, 0x000000008d300000| Untracked 
| 212|0x000000008d400000, 0x000000008d400000, 0x000000008d500000|  0%| F|  |TAMS 0x000000008d400000, 0x000000008d400000| Untracked 
| 213|0x000000008d500000, 0x000000008d500000, 0x000000008d600000|  0%| F|  |TAMS 0x000000008d500000, 0x000000008d500000| Untracked 
| 214|0x000000008d600000, 0x000000008d680000, 0x000000008d700000| 50%| S|CS|TAMS 0x000000008d600000, 0x000000008d600000| Complete 
| 215|0x000000008d700000, 0x000000008d800000, 0x000000008d800000|100%| S|CS|TAMS 0x000000008d700000, 0x000000008d700000| Complete 
| 216|0x000000008d800000, 0x000000008d800000, 0x000000008d900000|  0%| F|  |TAMS 0x000000008d800000, 0x000000008d800000| Untracked 
| 217|0x000000008d900000, 0x000000008d900000, 0x000000008da00000|  0%| F|  |TAMS 0x000000008d900000, 0x000000008d900000| Untracked 
| 218|0x000000008da00000, 0x000000008da00000, 0x000000008db00000|  0%| F|  |TAMS 0x000000008da00000, 0x000000008da00000| Untracked 
| 219|0x000000008db00000, 0x000000008db0c560, 0x000000008dc00000|  4%| E|  |TAMS 0x000000008db00000, 0x000000008db00000| Complete 

Card table byte_map: [0x0000027c13270000,0x0000027c13670000] _byte_map_base: 0x0000027c12e70000

Marking Bits (Prev, Next): (CMBitMap*) 0x0000027c7cefaee8, (CMBitMap*) 0x0000027c7cefaf20
 Prev Bits: [0x0000027c13a70000, 0x0000027c15a70000)
 Next Bits: [0x0000027c15a70000, 0x0000027c17a70000)

Polling page: 0x0000027c00000000

Metaspace:

Usage:
  Non-class:    111.22 MB capacity,   109.20 MB ( 98%) used,     1.62 MB (  1%) free+waste,   407.81 KB ( <1%) overhead. 
      Class:     16.52 MB capacity,    15.30 MB ( 93%) used,     1.05 MB (  6%) free+waste,   176.44 KB (  1%) overhead. 
       Both:    127.74 MB capacity,   124.50 MB ( 97%) used,     2.67 MB (  2%) free+waste,   584.25 KB ( <1%) overhead. 

Virtual space:
  Non-class space:      112.00 MB reserved,     111.33 MB (>99%) committed 
      Class space:        1.00 GB reserved,      16.63 MB (  2%) committed 
             Both:        1.11 GB reserved,     127.95 MB ( 11%) committed 

Chunk freelists:
   Non-Class:  47.00 KB
       Class:  14.00 KB
        Both:  61.00 KB

MaxMetaspaceSize: 17179869184.00 GB
CompressedClassSpaceSize: 1.00 GB
Initial GC threshold: 20.80 MB
Current GC threshold: 212.84 MB
CDS: off

CodeHeap 'non-profiled nmethods': size=120064Kb used=11872Kb max_used=11872Kb free=108191Kb
 bounds [0x0000027c0b520000, 0x0000027c0c0c0000, 0x0000027c12a60000]
CodeHeap 'profiled nmethods': size=120000Kb used=42281Kb max_used=42281Kb free=77718Kb
 bounds [0x0000027c03ff0000, 0x0000027c06940000, 0x0000027c0b520000]
CodeHeap 'non-nmethods': size=5696Kb used=2444Kb max_used=2500Kb free=3252Kb
 bounds [0x0000027c03a60000, 0x0000027c03ce0000, 0x0000027c03ff0000]
 total_blobs=19717 nmethods=18739 adapters=890
 compilation: enabled
              stopped_count=0, restarted_count=0
 full_count=0

Compilation events (20 events):
Event: 3650.758 Thread 0x0000027c19ebe800 19745       3       jdk.internal.misc.VM::addFinalRefCount (24 bytes)
Event: 3650.759 Thread 0x0000027c19ebe800 nmethod 19745 0x0000027c0691dd10 code [0x0000027c0691dec0, 0x0000027c0691e018]
Event: 3650.759 Thread 0x0000027c19ebe800 19746   !   3       jdk.nio.zipfs.ZipFileSystem::close (390 bytes)
Event: 3650.761 Thread 0x0000027c19ebe800 nmethod 19746 0x0000027c0691e090 code [0x0000027c0691e7a0, 0x0000027c06922848]
Event: 3650.763 Thread 0x0000027c19ebe800 19747       3       org.gradle.api.internal.tasks.properties.DefaultInputFilePropertySpec::<init> (38 bytes)
Event: 3650.763 Thread 0x0000027c19ebe800 nmethod 19747 0x0000027c06924310 code [0x0000027c069244e0, 0x0000027c06924958]
Event: 3650.910 Thread 0x0000027c19ebe800 19748       3       org.gradle.internal.operations.BuildOperationDescriptor$Builder::progressDisplayName (7 bytes)
Event: 3650.910 Thread 0x0000027c19ebe800 nmethod 19748 0x0000027c06924a90 code [0x0000027c06924c40, 0x0000027c06924d98]
Event: 3650.912 Thread 0x0000027c19ebe800 19749       3       org.gradle.execution.plan.DefaultPlanExecutor::access$100 (4 bytes)
Event: 3650.912 Thread 0x0000027c19ebe800 nmethod 19749 0x0000027c06924e10 code [0x0000027c06924fc0, 0x0000027c069250b8]
Event: 3650.914 Thread 0x0000027c19ebe800 19750       3       org.gradle.api.internal.tasks.execution.TaskExecution::visitRegularInputs (217 bytes)
Event: 3650.915 Thread 0x0000027c19ebe800 nmethod 19750 0x0000027c06925190 code [0x0000027c06925560, 0x0000027c06927458]
Event: 3650.916 Thread 0x0000027c19ebe800 19751       3       org.gradle.internal.snapshot.SingletonChildMap::invalidate (22 bytes)
Event: 3650.917 Thread 0x0000027c19ebe800 nmethod 19751 0x0000027c06927e90 code [0x0000027c06928100, 0x0000027c06928bb8]
Event: 3650.925 Thread 0x0000027c19ebe800 19752       3       org.gradle.internal.execution.history.changes.ClasspathCompareStrategy$ChangeState::hasMoreToProcess (20 bytes)
Event: 3650.925 Thread 0x0000027c19ebe800 nmethod 19752 0x0000027c06928f90 code [0x0000027c06929140, 0x0000027c069292d8]
Event: 3650.925 Thread 0x0000027c19ebe800 19753       3       org.gradle.internal.execution.history.changes.ClasspathCompareStrategy$ChangeState::processChange (257 bytes)
Event: 3650.926 Thread 0x0000027c19ebe800 nmethod 19753 0x0000027c06929390 code [0x0000027c069297a0, 0x0000027c0692b2c8]
Event: 3651.197 Thread 0x0000027c19ebc800 nmethod 19730 0x0000027c0c0aae10 code [0x0000027c0c0ab6c0, 0x0000027c0c0b2358]
Event: 3651.197 Thread 0x0000027c19ebc800 19732       4       org.gradle.internal.fingerprint.impl.DefaultCurrentFileCollectionFingerprint::from (96 bytes)

GC Heap History (20 events):
Event: 2176.444 GC heap before
{Heap before GC invocations=37 (full 0):
 garbage-first heap   total 225280K, used 156070K [0x0000000080000000, 0x0000000100000000)
  region size 1024K, 57 young (58368K), 7 survivors (7168K)
 Metaspace       used 110703K, capacity 113290K, committed 113488K, reserved 1148928K
  class space    used 13598K, capacity 14572K, committed 14592K, reserved 1048576K
}
Event: 2176.465 GC heap after
{Heap after GC invocations=38 (full 0):
 garbage-first heap   total 225280K, used 114840K [0x0000000080000000, 0x0000000100000000)
  region size 1024K, 8 young (8192K), 8 survivors (8192K)
 Metaspace       used 110703K, capacity 113290K, committed 113488K, reserved 1148928K
  class space    used 13598K, capacity 14572K, committed 14592K, reserved 1048576K
}
Event: 2177.042 GC heap before
{Heap before GC invocations=38 (full 0):
 garbage-first heap   total 225280K, used 141464K [0x0000000080000000, 0x0000000100000000)
  region size 1024K, 35 young (35840K), 8 survivors (8192K)
 Metaspace       used 112250K, capacity 114860K, committed 115024K, reserved 1148928K
  class space    used 13766K, capacity 14773K, committed 14848K, reserved 1048576K
}
Event: 2177.053 GC heap after
{Heap after GC invocations=39 (full 0):
 garbage-first heap   total 225280K, used 114176K [0x0000000080000000, 0x0000000100000000)
  region size 1024K, 4 young (4096K), 4 survivors (4096K)
 Metaspace       used 112250K, capacity 114860K, committed 115024K, reserved 1148928K
  class space    used 13766K, capacity 14773K, committed 14848K, reserved 1048576K
}
Event: 2177.917 GC heap before
{Heap before GC invocations=40 (full 0):
 garbage-first heap   total 225280K, used 159232K [0x0000000080000000, 0x0000000100000000)
  region size 1024K, 47 young (48128K), 4 survivors (4096K)
 Metaspace       used 117884K, capacity 120641K, committed 120912K, reserved 1155072K
  class space    used 14513K, capacity 15566K, committed 15616K, reserved 1048576K
}
Event: 2177.937 GC heap after
{Heap after GC invocations=41 (full 0):
 garbage-first heap   total 225280K, used 120585K [0x0000000080000000, 0x0000000100000000)
  region size 1024K, 6 young (6144K), 6 survivors (6144K)
 Metaspace       used 117884K, capacity 120641K, committed 120912K, reserved 1155072K
  class space    used 14513K, capacity 15566K, committed 15616K, reserved 1048576K
}
Event: 2178.071 GC heap before
{Heap before GC invocations=41 (full 0):
 garbage-first heap   total 225280K, used 124681K [0x0000000080000000, 0x0000000100000000)
  region size 1024K, 11 young (11264K), 6 survivors (6144K)
 Metaspace       used 118641K, capacity 121498K, committed 121680K, reserved 1155072K
  class space    used 14624K, capacity 15753K, committed 15872K, reserved 1048576K
}
Event: 2178.094 GC heap after
{Heap after GC invocations=42 (full 0):
 garbage-first heap   total 225280K, used 116409K [0x0000000080000000, 0x0000000100000000)
  region size 1024K, 1 young (1024K), 1 survivors (1024K)
 Metaspace       used 118641K, capacity 121498K, committed 121680K, reserved 1155072K
  class space    used 14624K, capacity 15753K, committed 15872K, reserved 1048576K
}
Event: 2179.412 GC heap before
{Heap before GC invocations=42 (full 0):
 garbage-first heap   total 225280K, used 161465K [0x0000000080000000, 0x0000000100000000)
  region size 1024K, 46 young (47104K), 1 survivors (1024K)
 Metaspace       used 124653K, capacity 127791K, committed 128080K, reserved 1161216K
  class space    used 15345K, capacity 16570K, committed 16640K, reserved 1048576K
}
Event: 2179.426 GC heap after
{Heap after GC invocations=43 (full 0):
 garbage-first heap   total 225280K, used 117283K [0x0000000080000000, 0x0000000100000000)
  region size 1024K, 2 young (2048K), 2 survivors (2048K)
 Metaspace       used 124653K, capacity 127791K, committed 128080K, reserved 1161216K
  class space    used 15345K, capacity 16570K, committed 16640K, reserved 1048576K
}
Event: 2180.522 GC heap before
{Heap before GC invocations=44 (full 0):
 garbage-first heap   total 225280K, used 167459K [0x0000000080000000, 0x0000000100000000)
  region size 1024K, 50 young (51200K), 2 survivors (2048K)
 Metaspace       used 126519K, capacity 129674K, committed 129872K, reserved 1163264K
  class space    used 15622K, capacity 16851K, committed 16896K, reserved 1048576K
}
Event: 2180.532 GC heap after
{Heap after GC invocations=45 (full 0):
 garbage-first heap   total 225280K, used 117595K [0x0000000080000000, 0x0000000100000000)
  region size 1024K, 3 young (3072K), 3 survivors (3072K)
 Metaspace       used 126519K, capacity 129674K, committed 129872K, reserved 1163264K
  class space    used 15622K, capacity 16851K, committed 16896K, reserved 1048576K
}
Event: 2233.817 GC heap before
{Heap before GC invocations=45 (full 0):
 garbage-first heap   total 225280K, used 143195K [0x0000000080000000, 0x0000000100000000)
  region size 1024K, 11 young (11264K), 3 survivors (3072K)
 Metaspace       used 126685K, capacity 129899K, committed 130128K, reserved 1163264K
  class space    used 15647K, capacity 16883K, committed 16896K, reserved 1048576K
}
Event: 2233.868 GC heap after
{Heap after GC invocations=46 (full 0):
 garbage-first heap   total 225280K, used 107887K [0x0000000080000000, 0x0000000100000000)
  region size 1024K, 1 young (1024K), 1 survivors (1024K)
 Metaspace       used 126685K, capacity 129899K, committed 130128K, reserved 1163264K
  class space    used 15647K, capacity 16883K, committed 16896K, reserved 1048576K
}
Event: 3639.080 GC heap before
{Heap before GC invocations=46 (full 0):
 garbage-first heap   total 225280K, used 163183K [0x0000000080000000, 0x0000000100000000)
  region size 1024K, 56 young (57344K), 1 survivors (1024K)
 Metaspace       used 126960K, capacity 130236K, committed 130512K, reserved 1163264K
  class space    used 15665K, capacity 16914K, committed 17024K, reserved 1048576K
}
Event: 3639.118 GC heap after
{Heap after GC invocations=47 (full 0):
 garbage-first heap   total 225280K, used 110925K [0x0000000080000000, 0x0000000100000000)
  region size 1024K, 4 young (4096K), 4 survivors (4096K)
 Metaspace       used 126960K, capacity 130236K, committed 130512K, reserved 1163264K
  class space    used 15665K, capacity 16914K, committed 17024K, reserved 1048576K
}
Event: 3642.166 GC heap before
{Heap before GC invocations=47 (full 0):
 garbage-first heap   total 225280K, used 149837K [0x0000000080000000, 0x0000000100000000)
  region size 1024K, 44 young (45056K), 4 survivors (4096K)
 Metaspace       used 127197K, capacity 130429K, committed 130768K, reserved 1163264K
  class space    used 15672K, capacity 16927K, committed 17024K, reserved 1048576K
}
Event: 3642.187 GC heap after
{Heap after GC invocations=48 (full 0):
 garbage-first heap   total 225280K, used 116180K [0x0000000080000000, 0x0000000100000000)
  region size 1024K, 8 young (8192K), 8 survivors (8192K)
 Metaspace       used 127197K, capacity 130429K, committed 130768K, reserved 1163264K
  class space    used 15672K, capacity 16927K, committed 17024K, reserved 1048576K
}
Event: 3650.691 GC heap before
{Heap before GC invocations=49 (full 0):
 garbage-first heap   total 225280K, used 171476K [0x0000000080000000, 0x0000000100000000)
  region size 1024K, 63 young (64512K), 8 survivors (8192K)
 Metaspace       used 127455K, capacity 130734K, committed 131024K, reserved 1163264K
  class space    used 15664K, capacity 16913K, committed 17024K, reserved 1048576K
}
Event: 3650.750 GC heap after
{Heap after GC invocations=50 (full 0):
 garbage-first heap   total 225280K, used 123060K [0x0000000080000000, 0x0000000100000000)
  region size 1024K, 7 young (7168K), 7 survivors (7168K)
 Metaspace       used 127455K, capacity 130734K, committed 131024K, reserved 1163264K
  class space    used 15664K, capacity 16913K, committed 17024K, reserved 1048576K
}

Deoptimization events (20 events):
Event: 3648.405 Thread 0x0000027c1eadd000 DEOPT PACKING pc=0x0000027c0bea7390 sp=0x000000d5cf3f66d0
Event: 3648.405 Thread 0x0000027c1eadd000 DEOPT UNPACKING pc=0x0000027c03aaa1a9 sp=0x000000d5cf3f6600 mode 2
Event: 3648.432 Thread 0x0000027c1eadd000 Uncommon trap: trap_request=0xffffffde fr.pc=0x0000027c0be92afc relative=0x000000000000087c
Event: 3648.432 Thread 0x0000027c1eadd000 Uncommon trap: reason=class_check action=maybe_recompile pc=0x0000027c0be92afc method=com.sun.tools.javac.code.Types$15.visitClassType(Lcom/sun/tools/javac/code/Type$ClassType;Ljava/lang/Void;)Lcom/sun/tools/javac/code/Type; @ 19 c2
Event: 3648.432 Thread 0x0000027c1eadd000 DEOPT PACKING pc=0x0000027c0be92afc sp=0x000000d5cf3f4a60
Event: 3648.432 Thread 0x0000027c1eadd000 DEOPT UNPACKING pc=0x0000027c03aaa1a9 sp=0x000000d5cf3f4a30 mode 2
Event: 3648.434 Thread 0x0000027c1eadd000 Uncommon trap: trap_request=0xffffffde fr.pc=0x0000027c0be92afc relative=0x000000000000087c
Event: 3648.434 Thread 0x0000027c1eadd000 Uncommon trap: reason=class_check action=maybe_recompile pc=0x0000027c0be92afc method=com.sun.tools.javac.code.Types$15.visitClassType(Lcom/sun/tools/javac/code/Type$ClassType;Ljava/lang/Void;)Lcom/sun/tools/javac/code/Type; @ 19 c2
Event: 3648.434 Thread 0x0000027c1eadd000 DEOPT PACKING pc=0x0000027c0be92afc sp=0x000000d5cf3f4c80
Event: 3648.434 Thread 0x0000027c1eadd000 DEOPT UNPACKING pc=0x0000027c03aaa1a9 sp=0x000000d5cf3f4c50 mode 2
Event: 3648.446 Thread 0x0000027c1eadd000 Uncommon trap: trap_request=0xffffff4d fr.pc=0x0000027c0be939cc relative=0x000000000000026c
Event: 3648.446 Thread 0x0000027c1eadd000 Uncommon trap: reason=unstable_if action=reinterpret pc=0x0000027c0be939cc method=com.sun.tools.javac.code.Scope$ScopeImpl.lookup(Lcom/sun/tools/javac/util/Name;Lcom/sun/tools/javac/util/Filter;)Lcom/sun/tools/javac/code/Scope$Entry; @ 19 c2
Event: 3648.446 Thread 0x0000027c1eadd000 DEOPT PACKING pc=0x0000027c0be939cc sp=0x000000d5cf3f6690
Event: 3648.446 Thread 0x0000027c1eadd000 DEOPT UNPACKING pc=0x0000027c03aaa1a9 sp=0x000000d5cf3f6638 mode 2
Event: 3648.881 Thread 0x0000027c1eadd000 Uncommon trap: trap_request=0xffffff4d fr.pc=0x0000027c0c08f85c relative=0x00000000000003fc
Event: 3648.881 Thread 0x0000027c1eadd000 Uncommon trap: reason=unstable_if action=reinterpret pc=0x0000027c0c08f85c method=com.sun.tools.javac.code.Types$5.visitClassType(Lcom/sun/tools/javac/code/Type$ClassType;Lcom/sun/tools/javac/code/Type;)Ljava/lang/Boolean; @ 375 c2
Event: 3648.881 Thread 0x0000027c1eadd000 DEOPT PACKING pc=0x0000027c0c08f85c sp=0x000000d5cf3f8470
Event: 3648.881 Thread 0x0000027c1eadd000 DEOPT UNPACKING pc=0x0000027c03aaa1a9 sp=0x000000d5cf3f8458 mode 2
Event: 3649.385 Thread 0x0000027c1eadd000 DEOPT PACKING pc=0x0000027c0617cceb sp=0x000000d5cf3f93d0
Event: 3649.385 Thread 0x0000027c1eadd000 DEOPT UNPACKING pc=0x0000027c03aaa93f sp=0x000000d5cf3f8890 mode 0

Classes redefined (0 events):
No events

Internal exceptions (20 events):
Event: 3648.368 Thread 0x0000027c1eadd000 Exception <a 'sun/nio/fs/WindowsException'{0x000000008b9d9910}> (0x000000008b9d9910) thrown at [./src/hotspot/share/prims/jni.cpp, line 616]
Event: 3648.370 Thread 0x0000027c1eadd000 Exception <a 'sun/nio/fs/WindowsException'{0x000000008b828388}> (0x000000008b828388) thrown at [./src/hotspot/share/prims/jni.cpp, line 616]
Event: 3648.370 Thread 0x0000027c1eadd000 Exception <a 'sun/nio/fs/WindowsException'{0x000000008b828500}> (0x000000008b828500) thrown at [./src/hotspot/share/prims/jni.cpp, line 616]
Event: 3648.375 Thread 0x0000027c1eadd000 Exception <a 'sun/nio/fs/WindowsException'{0x000000008b8ae178}> (0x000000008b8ae178) thrown at [./src/hotspot/share/prims/jni.cpp, line 616]
Event: 3648.375 Thread 0x0000027c1eadd000 Exception <a 'sun/nio/fs/WindowsException'{0x000000008b8ae2e0}> (0x000000008b8ae2e0) thrown at [./src/hotspot/share/prims/jni.cpp, line 616]
Event: 3648.383 Thread 0x0000027c1eadd000 Exception <a 'sun/nio/fs/WindowsException'{0x000000008b71cfb0}> (0x000000008b71cfb0) thrown at [./src/hotspot/share/prims/jni.cpp, line 616]
Event: 3648.383 Thread 0x0000027c1eadd000 Exception <a 'sun/nio/fs/WindowsException'{0x000000008b71d140}> (0x000000008b71d140) thrown at [./src/hotspot/share/prims/jni.cpp, line 616]
Event: 3648.408 Thread 0x0000027c1eadd000 Exception <a 'sun/nio/fs/WindowsException'{0x000000008b7c0b98}> (0x000000008b7c0b98) thrown at [./src/hotspot/share/prims/jni.cpp, line 616]
Event: 3648.408 Thread 0x0000027c1eadd000 Exception <a 'sun/nio/fs/WindowsException'{0x000000008b7c0d00}> (0x000000008b7c0d00) thrown at [./src/hotspot/share/prims/jni.cpp, line 616]
Event: 3648.435 Thread 0x0000027c1eadd000 Exception <a 'sun/nio/fs/WindowsException'{0x000000008b615080}> (0x000000008b615080) thrown at [./src/hotspot/share/prims/jni.cpp, line 616]
Event: 3648.435 Thread 0x0000027c1eadd000 Exception <a 'sun/nio/fs/WindowsException'{0x000000008b6151f8}> (0x000000008b6151f8) thrown at [./src/hotspot/share/prims/jni.cpp, line 616]
Event: 3648.458 Thread 0x0000027c1eadd000 Exception <a 'sun/nio/fs/WindowsException'{0x000000008b66f720}> (0x000000008b66f720) thrown at [./src/hotspot/share/prims/jni.cpp, line 616]
Event: 3648.458 Thread 0x0000027c1eadd000 Exception <a 'sun/nio/fs/WindowsException'{0x000000008b66f8b0}> (0x000000008b66f8b0) thrown at [./src/hotspot/share/prims/jni.cpp, line 616]
Event: 3648.460 Thread 0x0000027c1eadd000 Exception <a 'sun/nio/fs/WindowsException'{0x000000008b6b0258}> (0x000000008b6b0258) thrown at [./src/hotspot/share/prims/jni.cpp, line 616]
Event: 3648.460 Thread 0x0000027c1eadd000 Exception <a 'sun/nio/fs/WindowsException'{0x000000008b6b03e0}> (0x000000008b6b03e0) thrown at [./src/hotspot/share/prims/jni.cpp, line 616]
Event: 3648.619 Thread 0x0000027c1eadd000 Exception <a 'sun/nio/fs/WindowsException'{0x000000008b4a72a0}> (0x000000008b4a72a0) thrown at [./src/hotspot/share/prims/jni.cpp, line 616]
Event: 3648.867 Thread 0x0000027c1eadd000 Exception <a 'sun/nio/fs/WindowsException'{0x000000008b4b04f0}> (0x000000008b4b04f0) thrown at [./src/hotspot/share/prims/jni.cpp, line 616]
Event: 3648.893 Thread 0x0000027c1eadd000 Exception <a 'sun/nio/fs/WindowsException'{0x000000008b4bb6f8}> (0x000000008b4bb6f8) thrown at [./src/hotspot/share/prims/jni.cpp, line 616]
Event: 3649.009 Thread 0x0000027c1eadd000 Exception <a 'sun/nio/fs/WindowsException'{0x000000008aa5ef18}> (0x000000008aa5ef18) thrown at [./src/hotspot/share/prims/jni.cpp, line 616]
Event: 3651.307 Thread 0x0000027c1eae9800 Exception <a 'sun/nio/fs/WindowsException'{0x000000008da2ee98}> (0x000000008da2ee98) thrown at [./src/hotspot/share/prims/jni.cpp, line 616]

Events (20 events):
Event: 3649.436 Executing VM operation: RevokeBias
Event: 3649.437 Executing VM operation: RevokeBias done
Event: 3649.439 Executing VM operation: RevokeBias
Event: 3649.439 Executing VM operation: RevokeBias done
Event: 3649.442 Executing VM operation: RevokeBias
Event: 3649.442 Executing VM operation: RevokeBias done
Event: 3650.691 Executing VM operation: G1CollectForAllocation
Event: 3650.750 Executing VM operation: G1CollectForAllocation done
Event: 3650.916 Executing VM operation: RevokeBias
Event: 3650.917 Executing VM operation: RevokeBias done
Event: 3650.918 Executing VM operation: RevokeBias
Event: 3650.918 Executing VM operation: RevokeBias done
Event: 3650.918 Executing VM operation: RevokeBias
Event: 3650.918 Executing VM operation: RevokeBias done
Event: 3650.919 Executing VM operation: RevokeBias
Event: 3650.919 Executing VM operation: RevokeBias done
Event: 3650.919 Executing VM operation: RevokeBias
Event: 3650.919 Executing VM operation: RevokeBias done
Event: 3650.919 Executing VM operation: RevokeBias
Event: 3650.919 Executing VM operation: RevokeBias done


Dynamic libraries:
0x00007ff661640000 - 0x00007ff66164a000 	C:\Program Files\Android\Android Studio\jre\bin\java.exe
0x00007ffb2ee80000 - 0x00007ffb2f089000 	C:\Windows\SYSTEM32\ntdll.dll
0x00007ffb2ea20000 - 0x00007ffb2eade000 	C:\Windows\System32\KERNEL32.DLL
0x00007ffb2c7d0000 - 0x00007ffb2cb54000 	C:\Windows\System32\KERNELBASE.dll
0x000000005ac70000 - 0x000000005ad05000 	C:\Windows\System32\SYSFER.DLL
0x00007ffb2ed20000 - 0x00007ffb2edcf000 	C:\Windows\System32\ADVAPI32.dll
0x00007ffb2e6d0000 - 0x00007ffb2e773000 	C:\Windows\System32\msvcrt.dll
0x00007ffb2e780000 - 0x00007ffb2e81e000 	C:\Windows\System32\sechost.dll
0x00007ffb2d2d0000 - 0x00007ffb2d3f1000 	C:\Windows\System32\RPCRT4.dll
0x00007ffb2c6b0000 - 0x00007ffb2c7c1000 	C:\Windows\System32\ucrtbase.dll
0x00007ffb1a940000 - 0x00007ffb1a957000 	C:\Program Files\Android\Android Studio\jre\bin\VCRUNTIME140.dll
0x00007ffb10c40000 - 0x00007ffb10c59000 	C:\Program Files\Android\Android Studio\jre\bin\jli.dll
0x00007ffb2eaf0000 - 0x00007ffb2ec9d000 	C:\Windows\System32\USER32.dll
0x00007ffb2cc00000 - 0x00007ffb2cc26000 	C:\Windows\System32\win32u.dll
0x00007ffb2d850000 - 0x00007ffb2d87a000 	C:\Windows\System32\GDI32.dll
0x00007ffb1f400000 - 0x00007ffb1f6a5000 	C:\Windows\WinSxS\amd64_microsoft.windows.common-controls_6595b64144ccf1df_6.0.22000.120_none_9d947278b86cc467\COMCTL32.dll
0x00007ffb2c420000 - 0x00007ffb2c53f000 	C:\Windows\System32\gdi32full.dll
0x00007ffb2cb60000 - 0x00007ffb2cbfd000 	C:\Windows\System32\msvcp_win.dll
0x00007ffb2ccf0000 - 0x00007ffb2cd21000 	C:\Windows\System32\IMM32.DLL
0x00007ffaff670000 - 0x00007ffaff70d000 	C:\Program Files\Android\Android Studio\jre\bin\msvcp140.dll
0x00007ffaf1ef0000 - 0x00007ffaf29f2000 	C:\Program Files\Android\Android Studio\jre\bin\server\jvm.dll
0x00007ffb2eca0000 - 0x00007ffb2eca8000 	C:\Windows\System32\PSAPI.DLL
0x00007ffb20da0000 - 0x00007ffb20da9000 	C:\Windows\SYSTEM32\WSOCK32.dll
0x00007ffb2edd0000 - 0x00007ffb2ee3f000 	C:\Windows\System32\WS2_32.dll
0x00007ffb24340000 - 0x00007ffb24373000 	C:\Windows\SYSTEM32\WINMM.dll
0x00007ffb289e0000 - 0x00007ffb289ea000 	C:\Windows\SYSTEM32\VERSION.dll
0x00007ffb2b3b0000 - 0x00007ffb2b3c8000 	C:\Windows\SYSTEM32\kernel.appcore.dll
0x00007ffb272b0000 - 0x00007ffb272c1000 	C:\Program Files\Android\Android Studio\jre\bin\verify.dll
0x00007ffb265a0000 - 0x00007ffb267c1000 	C:\Windows\SYSTEM32\DBGHELP.DLL
0x00007ffb26360000 - 0x00007ffb26391000 	C:\Windows\SYSTEM32\dbgcore.DLL
0x00007ffb2c3a0000 - 0x00007ffb2c41f000 	C:\Windows\System32\bcryptPrimitives.dll
0x00007ffb25120000 - 0x00007ffb25149000 	C:\Program Files\Android\Android Studio\jre\bin\java.dll
0x00007ffb281e0000 - 0x00007ffb281eb000 	C:\Program Files\Android\Android Studio\jre\bin\jimage.dll
0x00007ffb25100000 - 0x00007ffb25118000 	C:\Program Files\Android\Android Studio\jre\bin\zip.dll
0x00007ffb2df00000 - 0x00007ffb2e6c5000 	C:\Windows\System32\SHELL32.dll
0x00007ffb2a410000 - 0x00007ffb2ac74000 	C:\Windows\SYSTEM32\windows.storage.dll
0x00007ffb2cd30000 - 0x00007ffb2d0a6000 	C:\Windows\System32\combase.dll
0x00007ffb2a2a0000 - 0x00007ffb2a407000 	C:\Windows\SYSTEM32\wintypes.dll
0x00007ffb2d1e0000 - 0x00007ffb2d2ca000 	C:\Windows\System32\SHCORE.dll
0x00007ffb2d880000 - 0x00007ffb2d8dd000 	C:\Windows\System32\shlwapi.dll
0x00007ffb2c260000 - 0x00007ffb2c281000 	C:\Windows\SYSTEM32\profapi.dll
0x00007ffb250e0000 - 0x00007ffb250fa000 	C:\Program Files\Android\Android Studio\jre\bin\net.dll
0x00007ffb273f0000 - 0x00007ffb27503000 	C:\Windows\SYSTEM32\WINHTTP.dll
0x00007ffb2b850000 - 0x00007ffb2b8b7000 	C:\Windows\system32\mswsock.dll
0x00007ffb21d60000 - 0x00007ffb21d74000 	C:\Program Files\Android\Android Studio\jre\bin\nio.dll
0x00007ffb27370000 - 0x00007ffb27397000 	C:\Users\Adm\.gradle\native\e1d6ef7f7dcc3fd88c89a11ec53ec762bb8ba0a96d01ffa2cd45eb1d1d8dd5c5\windows-amd64\native-platform.dll
0x00007ffae7cc0000 - 0x00007ffae7e04000 	C:\Users\Adm\.gradle\native\0d407fdbe67a94daf76414ababcb853783967236a71b16ec16e742cd7a986fd3\windows-amd64\native-platform-file-events.dll
0x00007ffb27330000 - 0x00007ffb2733a000 	C:\Program Files\Android\Android Studio\jre\bin\management.dll
0x00007ffb250d0000 - 0x00007ffb250dd000 	C:\Program Files\Android\Android Studio\jre\bin\management_ext.dll
0x00007ffb2baa0000 - 0x00007ffb2bab8000 	C:\Windows\SYSTEM32\CRYPTSP.dll
0x00007ffb2b310000 - 0x00007ffb2b345000 	C:\Windows\system32\rsaenh.dll
0x00007ffb2b950000 - 0x00007ffb2b979000 	C:\Windows\SYSTEM32\USERENV.dll
0x00007ffb2bc20000 - 0x00007ffb2bc47000 	C:\Windows\SYSTEM32\bcrypt.dll
0x00007ffb2bac0000 - 0x00007ffb2bacc000 	C:\Windows\SYSTEM32\CRYPTBASE.dll
0x00007ffb2aed0000 - 0x00007ffb2aefd000 	C:\Windows\SYSTEM32\IPHLPAPI.DLL
0x00007ffb2ddd0000 - 0x00007ffb2ddd9000 	C:\Windows\System32\NSI.dll
0x00007ffb26fa0000 - 0x00007ffb26fb9000 	C:\Windows\SYSTEM32\dhcpcsvc6.DLL
0x00007ffb28070000 - 0x00007ffb2808e000 	C:\Windows\SYSTEM32\dhcpcsvc.DLL
0x00007ffb2af00000 - 0x00007ffb2afe8000 	C:\Windows\SYSTEM32\DNSAPI.dll
0x00007ffb21c30000 - 0x00007ffb21c57000 	C:\Program Files\Android\Android Studio\jre\bin\sunec.dll
0x00007ffb2b3d0000 - 0x00007ffb2b404000 	C:\Windows\SYSTEM32\ntmarta.dll

dbghelp: loaded successfully - version: 4.0.5 - missing functions: none
symbol engine: initialized successfully - sym options: 0x614 - pdb path: .;C:\Program Files\Android\Android Studio\jre\bin;C:\Windows\SYSTEM32;C:\Windows\WinSxS\amd64_microsoft.windows.common-controls_6595b64144ccf1df_6.0.22000.120_none_9d947278b86cc467;C:\Program Files\Android\Android Studio\jre\bin\server;C:\Users\Adm\.gradle\native\e1d6ef7f7dcc3fd88c89a11ec53ec762bb8ba0a96d01ffa2cd45eb1d1d8dd5c5\windows-amd64;C:\Users\Adm\.gradle\native\0d407fdbe67a94daf76414ababcb853783967236a71b16ec16e742cd7a986fd3\windows-amd64

VM Arguments:
jvm_args: --add-opens=java.base/java.util=ALL-UNNAMED --add-opens=java.base/java.lang=ALL-UNNAMED --add-opens=java.base/java.lang.invoke=ALL-UNNAMED --add-opens=java.base/java.util=ALL-UNNAMED --add-opens=java.prefs/java.util.prefs=ALL-UNNAMED --add-opens=java.prefs/java.util.prefs=ALL-UNNAMED --add-opens=java.base/java.nio.charset=ALL-UNNAMED --add-opens=java.base/java.net=ALL-UNNAMED --add-opens=java.base/java.util.concurrent.atomic=ALL-UNNAMED -Xmx2048m -Dfile.encoding=UTF-8 -Duser.country=BR -Duser.language=pt -Duser.variant 
java_command: org.gradle.launcher.daemon.bootstrap.GradleDaemon 7.4
java_class_path (initial): C:\Users\Adm\.gradle\wrapper\dists\gradle-7.4-bin\c0gwcg53nkjbqw7r0h0umtfvt\gradle-7.4\lib\gradle-launcher-7.4.jar
Launcher Type: SUN_STANDARD

[Global flags]
     intx CICompilerCount                          = 2                                         {product} {ergonomic}
     uint ConcGCThreads                            = 1                                         {product} {ergonomic}
     uint G1ConcRefinementThreads                  = 2                                         {product} {ergonomic}
   size_t G1HeapRegionSize                         = 1048576                                   {product} {ergonomic}
    uintx GCDrainStackTargetSize                   = 64                                        {product} {ergonomic}
   size_t InitialHeapSize                          = 159383552                                 {product} {ergonomic}
   size_t MarkStackSize                            = 4194304                                   {product} {ergonomic}
   size_t MaxHeapSize                              = 2147483648                                {product} {command line}
   size_t MaxNewSize                               = 1287651328                                {product} {ergonomic}
   size_t MinHeapDeltaBytes                        = 1048576                                   {product} {ergonomic}
    uintx NonNMethodCodeHeapSize                   = 5825164                                {pd product} {ergonomic}
    uintx NonProfiledCodeHeapSize                  = 122916538                              {pd product} {ergonomic}
    uintx ProfiledCodeHeapSize                     = 122916538                              {pd product} {ergonomic}
    uintx ReservedCodeCacheSize                    = 251658240                              {pd product} {ergonomic}
     bool SegmentedCodeCache                       = true                                      {product} {ergonomic}
     bool UseCompressedClassPointers               = true                                 {lp64_product} {ergonomic}
     bool UseCompressedOops                        = true                                 {lp64_product} {ergonomic}
     bool UseG1GC                                  = true                                      {product} {ergonomic}
     bool UseLargePagesIndividualAllocation        = false                                  {pd product} {ergonomic}

Logging:
Log output configuration:
 #0: stdout all=warning uptime,level,tags
 #1: stderr all=off uptime,level,tags

Environment Variables:
PATH=C:\Program Files (x86)\Common Files\Oracle\Java\javapath;C:\Windows\system32;C:\Windows;C:\Windows\System32\Wbem;C:\Windows\System32\WindowsPowerShell\v1.0\;C:\Windows\System32\OpenSSH\;C:\Program Files\Microsoft SQL Server\150\Tools\Binn\;C:\Program Files\Microsoft SQL Server\Client SDK\ODBC\170\Tools\Binn\;C:\Program Files\dotnet\;C:\Program Files\Git\cmd;C:\Users\Adm\AppData\Local\Microsoft\WindowsApps;C:\Users\Adm\AppData\Local\Programs\Microsoft VS Code\bin;C:\Users\Adm\.dotnet\tools
USERNAME=Adm
OS=Windows_NT
PROCESSOR_IDENTIFIER=Intel64 Family 6 Model 94 Stepping 3, GenuineIntel



---------------  S Y S T E M  ---------------

OS: Windows 11 , 64 bit Build 22000 (10.0.22000.1880)
OS uptime: 0 days 3:57 hours

CPU:total 2 (initial active 2) (2 cores per cpu, 1 threads per core) family 6 model 94 stepping 3 microcode 0xd6, cmov, cx8, fxsr, mmx, sse, sse2, sse3, ssse3, sse4.1, sse4.2, popcnt, aes, clmul, erms, 3dnowpref, lzcnt, tsc, tscinvbit

Memory: 4k page, system-wide physical 9672M (384M free)
TotalPageFile size 12744M (AvailPageFile size 5M)
current process WorkingSet (physical memory assigned to process): 452M, peak: 504M
current process commit charge ("private bytes"): 566M, peak: 578M

vm_info: OpenJDK 64-Bit Server VM (11.0.13+0-b1751.21-8125866) for windows-amd64 JRE (11.0.13+0-b1751.21-8125866), built on Feb  2 2022 03:00:22 by "builder" with MS VC++ 14.0 (VS2015)

END.
